#2.0#2023 10 18 07:26:14.317#Z#DEBUG#com.sap.cloud.lm.sl.xs2.6e46cc4c-6d87-11ee-ac67-eeee0a9d577d.incident-management-db-deployer.stageAppTask#
######org.cloudfoundry.multiapps.controller.persistence.services.ProcessLogger########flowable-async-job-executor-thread-23358###
[PollStageAppStatusExecution] [incident-management-db-deployer] 15f57451-6af3-4284-9997-6c5bf0dc69b1 [2023-10-18T07:25:57.734252] Uploading app package for app with guid 15f57451-6af3-4284-9997-6c5bf0dc69b1 (STDOUT, API)#

#2.0#2023 10 18 07:26:14.317#Z#DEBUG#com.sap.cloud.lm.sl.xs2.6e46cc4c-6d87-11ee-ac67-eeee0a9d577d.incident-management-db-deployer.stageAppTask#
######org.cloudfoundry.multiapps.controller.persistence.services.ProcessLogger########flowable-async-job-executor-thread-23358###
[PollStageAppStatusExecution] [incident-management-db-deployer] 15f57451-6af3-4284-9997-6c5bf0dc69b1 [2023-10-18T07:25:58.313824] Updated app with guid 15f57451-6af3-4284-9997-6c5bf0dc69b1 ({"environment_variables"=>"[PRIVATE DATA HIDDEN]"}) (STDOUT, API)#

#2.0#2023 10 18 07:26:14.317#Z#DEBUG#com.sap.cloud.lm.sl.xs2.6e46cc4c-6d87-11ee-ac67-eeee0a9d577d.incident-management-db-deployer.stageAppTask#
######org.cloudfoundry.multiapps.controller.persistence.services.ProcessLogger########flowable-async-job-executor-thread-23358###
[PollStageAppStatusExecution] [incident-management-db-deployer] 15f57451-6af3-4284-9997-6c5bf0dc69b1 [2023-10-18T07:26:04.313362] Scaling process: "web" (STDOUT, API)#

#2.0#2023 10 18 07:26:14.317#Z#DEBUG#com.sap.cloud.lm.sl.xs2.6e46cc4c-6d87-11ee-ac67-eeee0a9d577d.incident-management-db-deployer.stageAppTask#
######org.cloudfoundry.multiapps.controller.persistence.services.ProcessLogger########flowable-async-job-executor-thread-23358###
[PollStageAppStatusExecution] [incident-management-db-deployer] 15f57451-6af3-4284-9997-6c5bf0dc69b1 [2023-10-18T07:26:04.549438] Creating build for app with guid 15f57451-6af3-4284-9997-6c5bf0dc69b1 (STDOUT, API)#

#2.0#2023 10 18 07:26:14.317#Z#DEBUG#com.sap.cloud.lm.sl.xs2.6e46cc4c-6d87-11ee-ac67-eeee0a9d577d.incident-management-db-deployer.stageAppTask#
######org.cloudfoundry.multiapps.controller.persistence.services.ProcessLogger########flowable-async-job-executor-thread-23358###
[PollStageAppStatusExecution] [incident-management-db-deployer] 15f57451-6af3-4284-9997-6c5bf0dc69b1 [2023-10-18T07:26:04.908972] Downloading nodejs_buildpack... (STDOUT, STG)#

#2.0#2023 10 18 07:26:14.317#Z#DEBUG#com.sap.cloud.lm.sl.xs2.6e46cc4c-6d87-11ee-ac67-eeee0a9d577d.incident-management-db-deployer.stageAppTask#
######org.cloudfoundry.multiapps.controller.persistence.services.ProcessLogger########flowable-async-job-executor-thread-23358###
[PollStageAppStatusExecution] [incident-management-db-deployer] 15f57451-6af3-4284-9997-6c5bf0dc69b1 [2023-10-18T07:26:04.951872] Downloaded nodejs_buildpack (STDOUT, STG)#

#2.0#2023 10 18 07:26:14.317#Z#DEBUG#com.sap.cloud.lm.sl.xs2.6e46cc4c-6d87-11ee-ac67-eeee0a9d577d.incident-management-db-deployer.stageAppTask#
######org.cloudfoundry.multiapps.controller.persistence.services.ProcessLogger########flowable-async-job-executor-thread-23358###
[PollStageAppStatusExecution] [incident-management-db-deployer] 15f57451-6af3-4284-9997-6c5bf0dc69b1 [2023-10-18T07:26:04.951917] Cell 9ad6d677-5cee-4f1b-b9f0-ed2b201c9f57 creating container for instance 67f6d523-935e-4211-8c57-e48ec6af16e1 (STDOUT, STG)#

#2.0#2023 10 18 07:26:14.317#Z#DEBUG#com.sap.cloud.lm.sl.xs2.6e46cc4c-6d87-11ee-ac67-eeee0a9d577d.incident-management-db-deployer.stageAppTask#
######org.cloudfoundry.multiapps.controller.persistence.services.ProcessLogger########flowable-async-job-executor-thread-23358###
[PollStageAppStatusExecution] [incident-management-db-deployer] 15f57451-6af3-4284-9997-6c5bf0dc69b1 [2023-10-18T07:26:05.270347] Security group rules were updated (STDOUT, STG)#

#2.0#2023 10 18 07:26:14.317#Z#DEBUG#com.sap.cloud.lm.sl.xs2.6e46cc4c-6d87-11ee-ac67-eeee0a9d577d.incident-management-db-deployer.stageAppTask#
######org.cloudfoundry.multiapps.controller.persistence.services.ProcessLogger########flowable-async-job-executor-thread-23358###
[PollStageAppStatusExecution] [incident-management-db-deployer] 15f57451-6af3-4284-9997-6c5bf0dc69b1 [2023-10-18T07:26:05.281015] Cell 9ad6d677-5cee-4f1b-b9f0-ed2b201c9f57 successfully created container for instance 67f6d523-935e-4211-8c57-e48ec6af16e1 (STDOUT, STG)#

#2.0#2023 10 18 07:26:14.317#Z#DEBUG#com.sap.cloud.lm.sl.xs2.6e46cc4c-6d87-11ee-ac67-eeee0a9d577d.incident-management-db-deployer.stageAppTask#
######org.cloudfoundry.multiapps.controller.persistence.services.ProcessLogger########flowable-async-job-executor-thread-23358###
[PollStageAppStatusExecution] [incident-management-db-deployer] 15f57451-6af3-4284-9997-6c5bf0dc69b1 [2023-10-18T07:26:05.436997] Downloading app package... (STDOUT, STG)#

#2.0#2023 10 18 07:26:14.317#Z#DEBUG#com.sap.cloud.lm.sl.xs2.6e46cc4c-6d87-11ee-ac67-eeee0a9d577d.incident-management-db-deployer.stageAppTask#
######org.cloudfoundry.multiapps.controller.persistence.services.ProcessLogger########flowable-async-job-executor-thread-23358###
[PollStageAppStatusExecution] [incident-management-db-deployer] 15f57451-6af3-4284-9997-6c5bf0dc69b1 [2023-10-18T07:26:05.437112] Downloading build artifacts cache... (STDOUT, STG)#

#2.0#2023 10 18 07:26:14.317#Z#DEBUG#com.sap.cloud.lm.sl.xs2.6e46cc4c-6d87-11ee-ac67-eeee0a9d577d.incident-management-db-deployer.stageAppTask#
######org.cloudfoundry.multiapps.controller.persistence.services.ProcessLogger########flowable-async-job-executor-thread-23358###
[PollStageAppStatusExecution] [incident-management-db-deployer] 15f57451-6af3-4284-9997-6c5bf0dc69b1 [2023-10-18T07:26:05.494090] Downloaded build artifacts cache (225B) (STDOUT, STG)#

#2.0#2023 10 18 07:26:14.317#Z#DEBUG#com.sap.cloud.lm.sl.xs2.6e46cc4c-6d87-11ee-ac67-eeee0a9d577d.incident-management-db-deployer.stageAppTask#
######org.cloudfoundry.multiapps.controller.persistence.services.ProcessLogger########flowable-async-job-executor-thread-23358###
[PollStageAppStatusExecution] [incident-management-db-deployer] 15f57451-6af3-4284-9997-6c5bf0dc69b1 [2023-10-18T07:26:07.478002] Downloaded app package (61.5M) (STDOUT, STG)#

#2.0#2023 10 18 07:26:14.317#Z#DEBUG#com.sap.cloud.lm.sl.xs2.6e46cc4c-6d87-11ee-ac67-eeee0a9d577d.incident-management-db-deployer.stageAppTask#
######org.cloudfoundry.multiapps.controller.persistence.services.ProcessLogger########flowable-async-job-executor-thread-23358###
[PollStageAppStatusExecution] [incident-management-db-deployer] 15f57451-6af3-4284-9997-6c5bf0dc69b1 [2023-10-18T07:26:07.580837] -----> Nodejs Buildpack version 1.8.15 (STDOUT, STG)#

#2.0#2023 10 18 07:26:14.317#Z#DEBUG#com.sap.cloud.lm.sl.xs2.6e46cc4c-6d87-11ee-ac67-eeee0a9d577d.incident-management-db-deployer.stageAppTask#
######org.cloudfoundry.multiapps.controller.persistence.services.ProcessLogger########flowable-async-job-executor-thread-23358###
[PollStageAppStatusExecution] [incident-management-db-deployer] 15f57451-6af3-4284-9997-6c5bf0dc69b1 [2023-10-18T07:26:07.915998] -----> Bootstrapping python (STDOUT, STG)#

#2.0#2023 10 18 07:26:14.317#Z#DEBUG#com.sap.cloud.lm.sl.xs2.6e46cc4c-6d87-11ee-ac67-eeee0a9d577d.incident-management-db-deployer.stageAppTask#
######org.cloudfoundry.multiapps.controller.persistence.services.ProcessLogger########flowable-async-job-executor-thread-23358###
[PollStageAppStatusExecution] [incident-management-db-deployer] 15f57451-6af3-4284-9997-6c5bf0dc69b1 [2023-10-18T07:26:07.916014] -----> Installing python 3.11.5 (STDOUT, STG)#

#2.0#2023 10 18 07:26:14.317#Z#DEBUG#com.sap.cloud.lm.sl.xs2.6e46cc4c-6d87-11ee-ac67-eeee0a9d577d.incident-management-db-deployer.stageAppTask#
######org.cloudfoundry.multiapps.controller.persistence.services.ProcessLogger########flowable-async-job-executor-thread-23358###
[PollStageAppStatusExecution] [incident-management-db-deployer] 15f57451-6af3-4284-9997-6c5bf0dc69b1 [2023-10-18T07:26:07.916019] Copy [/tmp/buildpacks/8555c4e4187ffc921c21ab6bc62c4972/dependencies/5da3d10dcc81e3afeb283317b851f36c/python_3.11.5_linux_x64_cflinuxfs4_b4517479.tgz] (STDOUT, STG)#

#2.0#2023 10 18 07:26:14.317#Z#DEBUG#com.sap.cloud.lm.sl.xs2.6e46cc4c-6d87-11ee-ac67-eeee0a9d577d.incident-management-db-deployer.stageAppTask#
######org.cloudfoundry.multiapps.controller.persistence.services.ProcessLogger########flowable-async-job-executor-thread-23358###
[PollStageAppStatusExecution] [incident-management-db-deployer] 15f57451-6af3-4284-9997-6c5bf0dc69b1 [2023-10-18T07:26:10.461968] -----> Installing binaries (STDOUT, STG)#

#2.0#2023 10 18 07:26:14.318#Z#DEBUG#com.sap.cloud.lm.sl.xs2.6e46cc4c-6d87-11ee-ac67-eeee0a9d577d.incident-management-db-deployer.stageAppTask#
######org.cloudfoundry.multiapps.controller.persistence.services.ProcessLogger########flowable-async-job-executor-thread-23358###
[PollStageAppStatusExecution] [incident-management-db-deployer] 15f57451-6af3-4284-9997-6c5bf0dc69b1 [2023-10-18T07:26:10.462018] engines.node (package.json): ^14 || ^16 || ^18 (STDOUT, STG)#

#2.0#2023 10 18 07:26:14.318#Z#DEBUG#com.sap.cloud.lm.sl.xs2.6e46cc4c-6d87-11ee-ac67-eeee0a9d577d.incident-management-db-deployer.stageAppTask#
######org.cloudfoundry.multiapps.controller.persistence.services.ProcessLogger########flowable-async-job-executor-thread-23358###
[PollStageAppStatusExecution] [incident-management-db-deployer] 15f57451-6af3-4284-9997-6c5bf0dc69b1 [2023-10-18T07:26:10.462027] engines.npm (package.json): unspecified (use default) (STDOUT, STG)#

#2.0#2023 10 18 07:26:14.318#Z#DEBUG#com.sap.cloud.lm.sl.xs2.6e46cc4c-6d87-11ee-ac67-eeee0a9d577d.incident-management-db-deployer.stageAppTask#
######org.cloudfoundry.multiapps.controller.persistence.services.ProcessLogger########flowable-async-job-executor-thread-23358###
[PollStageAppStatusExecution] [incident-management-db-deployer] 15f57451-6af3-4284-9997-6c5bf0dc69b1 [2023-10-18T07:26:10.462098] -----> Installing node 18.17.1 (STDOUT, STG)#

#2.0#2023 10 18 07:26:14.318#Z#DEBUG#com.sap.cloud.lm.sl.xs2.6e46cc4c-6d87-11ee-ac67-eeee0a9d577d.incident-management-db-deployer.stageAppTask#
######org.cloudfoundry.multiapps.controller.persistence.services.ProcessLogger########flowable-async-job-executor-thread-23358###
[PollStageAppStatusExecution] [incident-management-db-deployer] 15f57451-6af3-4284-9997-6c5bf0dc69b1 [2023-10-18T07:26:10.462174] Copy [/tmp/buildpacks/8555c4e4187ffc921c21ab6bc62c4972/dependencies/c2df8985dc8a3622f36892072d37dc62/node_18.17.1_linux_x64_cflinuxfs4_ed0bbc52.tgz] (STDOUT, STG)#

#2.0#2023 10 18 07:26:14.318#Z#DEBUG#com.sap.cloud.lm.sl.xs2.6e46cc4c-6d87-11ee-ac67-eeee0a9d577d.incident-management-db-deployer.stageAppTask#
######org.cloudfoundry.multiapps.controller.persistence.services.ProcessLogger########flowable-async-job-executor-thread-23358###
[PollStageAppStatusExecution] [incident-management-db-deployer] 15f57451-6af3-4284-9997-6c5bf0dc69b1 [2023-10-18T07:26:11.882847] Using default npm version: 9.6.7 (STDOUT, STG)#

#2.0#2023 10 18 07:26:14.318#Z#DEBUG#com.sap.cloud.lm.sl.xs2.6e46cc4c-6d87-11ee-ac67-eeee0a9d577d.incident-management-db-deployer.stageAppTask#
######org.cloudfoundry.multiapps.controller.persistence.services.ProcessLogger########flowable-async-job-executor-thread-23358###
[PollStageAppStatusExecution] [incident-management-db-deployer] 15f57451-6af3-4284-9997-6c5bf0dc69b1 [2023-10-18T07:26:11.882866] -----> Installing yarn 1.22.19 (STDOUT, STG)#

#2.0#2023 10 18 07:26:14.318#Z#DEBUG#com.sap.cloud.lm.sl.xs2.6e46cc4c-6d87-11ee-ac67-eeee0a9d577d.incident-management-db-deployer.stageAppTask#
######org.cloudfoundry.multiapps.controller.persistence.services.ProcessLogger########flowable-async-job-executor-thread-23358###
[PollStageAppStatusExecution] [incident-management-db-deployer] 15f57451-6af3-4284-9997-6c5bf0dc69b1 [2023-10-18T07:26:11.882967] Copy [/tmp/buildpacks/8555c4e4187ffc921c21ab6bc62c4972/dependencies/0f06052381cbcef1593bd279ca3d9458/yarn_1.22.19_linux_noarch_any-stack_32d0e82e.tgz] (STDOUT, STG)#

#2.0#2023 10 18 07:26:14.318#Z#DEBUG#com.sap.cloud.lm.sl.xs2.6e46cc4c-6d87-11ee-ac67-eeee0a9d577d.incident-management-db-deployer.stageAppTask#
######org.cloudfoundry.multiapps.controller.persistence.services.ProcessLogger########flowable-async-job-executor-thread-23358###
[PollStageAppStatusExecution] [incident-management-db-deployer] 15f57451-6af3-4284-9997-6c5bf0dc69b1 [2023-10-18T07:26:12.106987] Installed yarn 1.22.19 (STDOUT, STG)#

#2.0#2023 10 18 07:26:14.318#Z#DEBUG#com.sap.cloud.lm.sl.xs2.6e46cc4c-6d87-11ee-ac67-eeee0a9d577d.incident-management-db-deployer.stageAppTask#
######org.cloudfoundry.multiapps.controller.persistence.services.ProcessLogger########flowable-async-job-executor-thread-23358###
[PollStageAppStatusExecution] [incident-management-db-deployer] 15f57451-6af3-4284-9997-6c5bf0dc69b1 [2023-10-18T07:26:12.107002] -----> Creating runtime environment (STDOUT, STG)#

#2.0#2023 10 18 07:26:14.318#Z#DEBUG#com.sap.cloud.lm.sl.xs2.6e46cc4c-6d87-11ee-ac67-eeee0a9d577d.incident-management-db-deployer.stageAppTask#
######org.cloudfoundry.multiapps.controller.persistence.services.ProcessLogger########flowable-async-job-executor-thread-23358###
[PollStageAppStatusExecution] [incident-management-db-deployer] 15f57451-6af3-4284-9997-6c5bf0dc69b1 [2023-10-18T07:26:12.107869] NODE_ENV=production (STDOUT, STG)#

#2.0#2023 10 18 07:26:14.318#Z#DEBUG#com.sap.cloud.lm.sl.xs2.6e46cc4c-6d87-11ee-ac67-eeee0a9d577d.incident-management-db-deployer.stageAppTask#
######org.cloudfoundry.multiapps.controller.persistence.services.ProcessLogger########flowable-async-job-executor-thread-23358###
[PollStageAppStatusExecution] [incident-management-db-deployer] 15f57451-6af3-4284-9997-6c5bf0dc69b1 [2023-10-18T07:26:12.107881] NODE_HOME=/tmp/contents3802604628/deps/0/node (STDOUT, STG)#

#2.0#2023 10 18 07:26:14.318#Z#DEBUG#com.sap.cloud.lm.sl.xs2.6e46cc4c-6d87-11ee-ac67-eeee0a9d577d.incident-management-db-deployer.stageAppTask#
######org.cloudfoundry.multiapps.controller.persistence.services.ProcessLogger########flowable-async-job-executor-thread-23358###
[PollStageAppStatusExecution] [incident-management-db-deployer] 15f57451-6af3-4284-9997-6c5bf0dc69b1 [2023-10-18T07:26:12.107882] NODE_MODULES_CACHE=true (STDOUT, STG)#

#2.0#2023 10 18 07:26:14.318#Z#DEBUG#com.sap.cloud.lm.sl.xs2.6e46cc4c-6d87-11ee-ac67-eeee0a9d577d.incident-management-db-deployer.stageAppTask#
######org.cloudfoundry.multiapps.controller.persistence.services.ProcessLogger########flowable-async-job-executor-thread-23358###
[PollStageAppStatusExecution] [incident-management-db-deployer] 15f57451-6af3-4284-9997-6c5bf0dc69b1 [2023-10-18T07:26:12.107884] NODE_VERBOSE=false (STDOUT, STG)#

#2.0#2023 10 18 07:26:14.318#Z#DEBUG#com.sap.cloud.lm.sl.xs2.6e46cc4c-6d87-11ee-ac67-eeee0a9d577d.incident-management-db-deployer.stageAppTask#
######org.cloudfoundry.multiapps.controller.persistence.services.ProcessLogger########flowable-async-job-executor-thread-23358###
[PollStageAppStatusExecution] [incident-management-db-deployer] 15f57451-6af3-4284-9997-6c5bf0dc69b1 [2023-10-18T07:26:12.107885] NPM_CONFIG_LOGLEVEL=error (STDOUT, STG)#

#2.0#2023 10 18 07:26:14.318#Z#DEBUG#com.sap.cloud.lm.sl.xs2.6e46cc4c-6d87-11ee-ac67-eeee0a9d577d.incident-management-db-deployer.stageAppTask#
######org.cloudfoundry.multiapps.controller.persistence.services.ProcessLogger########flowable-async-job-executor-thread-23358###
[PollStageAppStatusExecution] [incident-management-db-deployer] 15f57451-6af3-4284-9997-6c5bf0dc69b1 [2023-10-18T07:26:12.107888] NPM_CONFIG_PRODUCTION=true (STDOUT, STG)#

#2.0#2023 10 18 07:26:14.318#Z#DEBUG#com.sap.cloud.lm.sl.xs2.6e46cc4c-6d87-11ee-ac67-eeee0a9d577d.incident-management-db-deployer.stageAppTask#
######org.cloudfoundry.multiapps.controller.persistence.services.ProcessLogger########flowable-async-job-executor-thread-23358###
[PollStageAppStatusExecution] [incident-management-db-deployer] 15f57451-6af3-4284-9997-6c5bf0dc69b1 [2023-10-18T07:26:12.107889] -----> Building dependencies (STDOUT, STG)#

#2.0#2023 10 18 07:26:14.318#Z#DEBUG#com.sap.cloud.lm.sl.xs2.6e46cc4c-6d87-11ee-ac67-eeee0a9d577d.incident-management-db-deployer.stageAppTask#
######org.cloudfoundry.multiapps.controller.persistence.services.ProcessLogger########flowable-async-job-executor-thread-23358###
[PollStageAppStatusExecution] [incident-management-db-deployer] 15f57451-6af3-4284-9997-6c5bf0dc69b1 [2023-10-18T07:26:12.107893] Prebuild detected (node_modules already exists) (STDOUT, STG)#

#2.0#2023 10 18 07:26:14.318#Z#DEBUG#com.sap.cloud.lm.sl.xs2.6e46cc4c-6d87-11ee-ac67-eeee0a9d577d.incident-management-db-deployer.stageAppTask#
######org.cloudfoundry.multiapps.controller.persistence.services.ProcessLogger########flowable-async-job-executor-thread-23358###
[PollStageAppStatusExecution] [incident-management-db-deployer] 15f57451-6af3-4284-9997-6c5bf0dc69b1 [2023-10-18T07:26:12.107894] Rebuilding any native modules (STDOUT, STG)#

#2.0#2023 10 18 07:26:14.318#Z#DEBUG#com.sap.cloud.lm.sl.xs2.6e46cc4c-6d87-11ee-ac67-eeee0a9d577d.incident-management-db-deployer.stageAppTask#
######org.cloudfoundry.multiapps.controller.persistence.services.ProcessLogger########flowable-async-job-executor-thread-23358###
[PollStageAppStatusExecution] [incident-management-db-deployer] 15f57451-6af3-4284-9997-6c5bf0dc69b1 [2023-10-18T07:26:12.606432] rebuilt dependencies successfully (STDOUT, STG)#

#2.0#2023 10 18 07:26:14.318#Z#DEBUG#com.sap.cloud.lm.sl.xs2.6e46cc4c-6d87-11ee-ac67-eeee0a9d577d.incident-management-db-deployer.stageAppTask#
######org.cloudfoundry.multiapps.controller.persistence.services.ProcessLogger########flowable-async-job-executor-thread-23358###
[PollStageAppStatusExecution] [incident-management-db-deployer] 15f57451-6af3-4284-9997-6c5bf0dc69b1 [2023-10-18T07:26:12.606791] npm notice (STDOUT, STG)#

#2.0#2023 10 18 07:26:14.318#Z#DEBUG#com.sap.cloud.lm.sl.xs2.6e46cc4c-6d87-11ee-ac67-eeee0a9d577d.incident-management-db-deployer.stageAppTask#
######org.cloudfoundry.multiapps.controller.persistence.services.ProcessLogger########flowable-async-job-executor-thread-23358###
[PollStageAppStatusExecution] [incident-management-db-deployer] 15f57451-6af3-4284-9997-6c5bf0dc69b1 [2023-10-18T07:26:12.606878] npm notice New major version of npm available! 9.6.7 -> 10.2.0 (STDOUT, STG)#

#2.0#2023 10 18 07:26:14.318#Z#DEBUG#com.sap.cloud.lm.sl.xs2.6e46cc4c-6d87-11ee-ac67-eeee0a9d577d.incident-management-db-deployer.stageAppTask#
######org.cloudfoundry.multiapps.controller.persistence.services.ProcessLogger########flowable-async-job-executor-thread-23358###
[PollStageAppStatusExecution] [incident-management-db-deployer] 15f57451-6af3-4284-9997-6c5bf0dc69b1 [2023-10-18T07:26:12.607027] npm notice Changelog: <https://github.com/npm/cli/releases/tag/v10.2.0> (STDOUT, STG)#

#2.0#2023 10 18 07:26:14.318#Z#DEBUG#com.sap.cloud.lm.sl.xs2.6e46cc4c-6d87-11ee-ac67-eeee0a9d577d.incident-management-db-deployer.stageAppTask#
######org.cloudfoundry.multiapps.controller.persistence.services.ProcessLogger########flowable-async-job-executor-thread-23358###
[PollStageAppStatusExecution] [incident-management-db-deployer] 15f57451-6af3-4284-9997-6c5bf0dc69b1 [2023-10-18T07:26:12.607041] npm notice Run `npm install -g npm@10.2.0` to update! (STDOUT, STG)#

#2.0#2023 10 18 07:26:14.318#Z#DEBUG#com.sap.cloud.lm.sl.xs2.6e46cc4c-6d87-11ee-ac67-eeee0a9d577d.incident-management-db-deployer.stageAppTask#
######org.cloudfoundry.multiapps.controller.persistence.services.ProcessLogger########flowable-async-job-executor-thread-23358###
[PollStageAppStatusExecution] [incident-management-db-deployer] 15f57451-6af3-4284-9997-6c5bf0dc69b1 [2023-10-18T07:26:12.607171] npm notice (STDOUT, STG)#

#2.0#2023 10 18 07:26:14.318#Z#DEBUG#com.sap.cloud.lm.sl.xs2.6e46cc4c-6d87-11ee-ac67-eeee0a9d577d.incident-management-db-deployer.stageAppTask#
######org.cloudfoundry.multiapps.controller.persistence.services.ProcessLogger########flowable-async-job-executor-thread-23358###
[PollStageAppStatusExecution] [incident-management-db-deployer] 15f57451-6af3-4284-9997-6c5bf0dc69b1 [2023-10-18T07:26:12.613876] Installing any new modules (package.json + package-lock.json) (STDOUT, STG)#

#2.0#2023 10 18 07:26:14.318#Z#DEBUG#com.sap.cloud.lm.sl.xs2.6e46cc4c-6d87-11ee-ac67-eeee0a9d577d.incident-management-db-deployer.stageAppTask#
######org.cloudfoundry.multiapps.controller.persistence.services.ProcessLogger########flowable-async-job-executor-thread-23358###
[PollStageAppStatusExecution] [incident-management-db-deployer] 15f57451-6af3-4284-9997-6c5bf0dc69b1 [2023-10-18T07:26:13.008385] up to date in 223ms (STDOUT, STG)#

#2.0#2023 10 18 07:26:14.318#Z#DEBUG#com.sap.cloud.lm.sl.xs2.6e46cc4c-6d87-11ee-ac67-eeee0a9d577d.incident-management-db-deployer.stageAppTask#
######org.cloudfoundry.multiapps.controller.persistence.services.ProcessLogger########flowable-async-job-executor-thread-23358###
[PollStageAppStatusExecution] [incident-management-db-deployer] 15f57451-6af3-4284-9997-6c5bf0dc69b1 [2023-10-18T07:26:13.693691] Contrast Security no credentials found. Will not write environment files. (STDOUT, STG)#

#2.0#2023 10 18 07:26:14.318#Z#DEBUG#com.sap.cloud.lm.sl.xs2.6e46cc4c-6d87-11ee-ac67-eeee0a9d577d.incident-management-db-deployer.stageAppTask#
######org.cloudfoundry.multiapps.controller.persistence.services.ProcessLogger########flowable-async-job-executor-thread-23358###
[PollStageAppStatusExecution] [incident-management-db-deployer] 15f57451-6af3-4284-9997-6c5bf0dc69b1 [2023-10-18T07:26:13.693716] inside Sealights hook (STDOUT, STG)#

#2.0#2023 10 18 07:26:14.318#Z#DEBUG#com.sap.cloud.lm.sl.xs2.6e46cc4c-6d87-11ee-ac67-eeee0a9d577d.incident-management-db-deployer.stageAppTask#
######org.cloudfoundry.multiapps.controller.persistence.services.ProcessLogger########flowable-async-job-executor-thread-23358###
[PollStageAppStatusExecution] [incident-management-db-deployer] 15f57451-6af3-4284-9997-6c5bf0dc69b1 [2023-10-18T07:26:13.693720] service is not configured to run with Sealights (STDOUT, STG)#

#2.0#2023 10 18 07:26:34.424#Z#DEBUG#com.sap.cloud.lm.sl.xs2.6e46cc4c-6d87-11ee-ac67-eeee0a9d577d.incident-management-db-deployer.stageAppTask#
######org.cloudfoundry.multiapps.controller.persistence.services.ProcessLogger########flowable-async-job-executor-thread-23454###
[PollStageAppStatusExecution] [incident-management-db-deployer] 15f57451-6af3-4284-9997-6c5bf0dc69b1 [2023-10-18T07:26:26.300968] Exit status 0 (STDOUT, STG)#

#2.0#2023 10 18 07:26:34.424#Z#DEBUG#com.sap.cloud.lm.sl.xs2.6e46cc4c-6d87-11ee-ac67-eeee0a9d577d.incident-management-db-deployer.stageAppTask#
######org.cloudfoundry.multiapps.controller.persistence.services.ProcessLogger########flowable-async-job-executor-thread-23454###
[PollStageAppStatusExecution] [incident-management-db-deployer] 15f57451-6af3-4284-9997-6c5bf0dc69b1 [2023-10-18T07:26:26.301009] Uploading droplet, build artifacts cache... (STDOUT, STG)#

#2.0#2023 10 18 07:26:34.424#Z#DEBUG#com.sap.cloud.lm.sl.xs2.6e46cc4c-6d87-11ee-ac67-eeee0a9d577d.incident-management-db-deployer.stageAppTask#
######org.cloudfoundry.multiapps.controller.persistence.services.ProcessLogger########flowable-async-job-executor-thread-23454###
[PollStageAppStatusExecution] [incident-management-db-deployer] 15f57451-6af3-4284-9997-6c5bf0dc69b1 [2023-10-18T07:26:26.301055] Uploading build artifacts cache... (STDOUT, STG)#

#2.0#2023 10 18 07:26:34.424#Z#DEBUG#com.sap.cloud.lm.sl.xs2.6e46cc4c-6d87-11ee-ac67-eeee0a9d577d.incident-management-db-deployer.stageAppTask#
######org.cloudfoundry.multiapps.controller.persistence.services.ProcessLogger########flowable-async-job-executor-thread-23454###
[PollStageAppStatusExecution] [incident-management-db-deployer] 15f57451-6af3-4284-9997-6c5bf0dc69b1 [2023-10-18T07:26:26.301070] Uploading droplet... (STDOUT, STG)#

#2.0#2023 10 18 07:26:34.424#Z#DEBUG#com.sap.cloud.lm.sl.xs2.6e46cc4c-6d87-11ee-ac67-eeee0a9d577d.incident-management-db-deployer.stageAppTask#
######org.cloudfoundry.multiapps.controller.persistence.services.ProcessLogger########flowable-async-job-executor-thread-23454###
[PollStageAppStatusExecution] [incident-management-db-deployer] 15f57451-6af3-4284-9997-6c5bf0dc69b1 [2023-10-18T07:26:26.316674] Uploaded build artifacts cache (222B) (STDOUT, STG)#

#2.0#2023 10 18 07:26:34.424#Z#DEBUG#com.sap.cloud.lm.sl.xs2.6e46cc4c-6d87-11ee-ac67-eeee0a9d577d.incident-management-db-deployer.stageAppTask#
######org.cloudfoundry.multiapps.controller.persistence.services.ProcessLogger########flowable-async-job-executor-thread-23454###
[PollStageAppStatusExecution] [incident-management-db-deployer] 15f57451-6af3-4284-9997-6c5bf0dc69b1 [2023-10-18T07:26:27.086516] Creating droplet for app with guid 15f57451-6af3-4284-9997-6c5bf0dc69b1 (STDOUT, API)#

#2.0#2023 10 18 07:26:34.424#Z#DEBUG#com.sap.cloud.lm.sl.xs2.6e46cc4c-6d87-11ee-ac67-eeee0a9d577d.incident-management-db-deployer.stageAppTask#
######org.cloudfoundry.multiapps.controller.persistence.services.ProcessLogger########flowable-async-job-executor-thread-23454###
[PollStageAppStatusExecution] [incident-management-db-deployer] 15f57451-6af3-4284-9997-6c5bf0dc69b1 [2023-10-18T07:26:30.268440] Uploaded droplet (104.8M) (STDOUT, STG)#

#2.0#2023 10 18 07:26:34.424#Z#DEBUG#com.sap.cloud.lm.sl.xs2.6e46cc4c-6d87-11ee-ac67-eeee0a9d577d.incident-management-db-deployer.stageAppTask#
######org.cloudfoundry.multiapps.controller.persistence.services.ProcessLogger########flowable-async-job-executor-thread-23454###
[PollStageAppStatusExecution] [incident-management-db-deployer] 15f57451-6af3-4284-9997-6c5bf0dc69b1 [2023-10-18T07:26:30.278942] Uploading complete (STDOUT, STG)#

#2.0#2023 10 18 07:26:34.424#Z#DEBUG#com.sap.cloud.lm.sl.xs2.6e46cc4c-6d87-11ee-ac67-eeee0a9d577d.incident-management-db-deployer.stageAppTask#
######org.cloudfoundry.multiapps.controller.persistence.services.ProcessLogger########flowable-async-job-executor-thread-23454###
[PollStageAppStatusExecution] [incident-management-db-deployer] 15f57451-6af3-4284-9997-6c5bf0dc69b1 [2023-10-18T07:26:30.563913] Cell 9ad6d677-5cee-4f1b-b9f0-ed2b201c9f57 stopping instance 67f6d523-935e-4211-8c57-e48ec6af16e1 (STDOUT, STG)#

#2.0#2023 10 18 07:26:34.424#Z#DEBUG#com.sap.cloud.lm.sl.xs2.6e46cc4c-6d87-11ee-ac67-eeee0a9d577d.incident-management-db-deployer.stageAppTask#
######org.cloudfoundry.multiapps.controller.persistence.services.ProcessLogger########flowable-async-job-executor-thread-23454###
[PollStageAppStatusExecution] [incident-management-db-deployer] 15f57451-6af3-4284-9997-6c5bf0dc69b1 [2023-10-18T07:26:30.563958] Cell 9ad6d677-5cee-4f1b-b9f0-ed2b201c9f57 destroying container for instance 67f6d523-935e-4211-8c57-e48ec6af16e1 (STDOUT, STG)#

#2.0#2023 10 18 07:26:44.460#Z#DEBUG#com.sap.cloud.lm.sl.xs2.6e46cc4c-6d87-11ee-ac67-eeee0a9d577d.incident-management-db-deployer.executeTaskTask#
######org.cloudfoundry.multiapps.controller.persistence.services.ProcessLogger########flowable-async-job-executor-thread-23506###
[PollExecuteTaskStatusExecution] [incident-management-db-deployer] 15f57451-6af3-4284-9997-6c5bf0dc69b1 [2023-10-18T07:26:34.110746] Cell 9ad6d677-5cee-4f1b-b9f0-ed2b201c9f57 successfully destroyed container for instance 67f6d523-935e-4211-8c57-e48ec6af16e1 (STDOUT, STG)#

#2.0#2023 10 18 07:26:44.460#Z#DEBUG#com.sap.cloud.lm.sl.xs2.6e46cc4c-6d87-11ee-ac67-eeee0a9d577d.incident-management-db-deployer.executeTaskTask#
######org.cloudfoundry.multiapps.controller.persistence.services.ProcessLogger########flowable-async-job-executor-thread-23506###
[PollExecuteTaskStatusExecution] [incident-management-db-deployer] 15f57451-6af3-4284-9997-6c5bf0dc69b1 [2023-10-18T07:26:34.506536] Updated app with guid 15f57451-6af3-4284-9997-6c5bf0dc69b1 ({:droplet_guid=>"8b4a081c-7eb3-47b4-a96a-5551d367a4c4"}) (STDOUT, API)#

#2.0#2023 10 18 07:26:44.460#Z#DEBUG#com.sap.cloud.lm.sl.xs2.6e46cc4c-6d87-11ee-ac67-eeee0a9d577d.incident-management-db-deployer.executeTaskTask#
######org.cloudfoundry.multiapps.controller.persistence.services.ProcessLogger########flowable-async-job-executor-thread-23506###
[PollExecuteTaskStatusExecution] [incident-management-db-deployer] 15f57451-6af3-4284-9997-6c5bf0dc69b1 [2023-10-18T07:26:35.050294] Cell 6ed61087-9411-4294-b4e3-75509108329a creating container for instance ac6f8089-38b6-42d5-a7c4-43cadcbb1802 (STDOUT, CELL)#

#2.0#2023 10 18 07:26:44.460#Z#DEBUG#com.sap.cloud.lm.sl.xs2.6e46cc4c-6d87-11ee-ac67-eeee0a9d577d.incident-management-db-deployer.executeTaskTask#
######org.cloudfoundry.multiapps.controller.persistence.services.ProcessLogger########flowable-async-job-executor-thread-23506###
[PollExecuteTaskStatusExecution] [incident-management-db-deployer] 15f57451-6af3-4284-9997-6c5bf0dc69b1 [2023-10-18T07:26:35.416946] Security group rules were updated (STDOUT, CELL)#

#2.0#2023 10 18 07:26:44.460#Z#DEBUG#com.sap.cloud.lm.sl.xs2.6e46cc4c-6d87-11ee-ac67-eeee0a9d577d.incident-management-db-deployer.executeTaskTask#
######org.cloudfoundry.multiapps.controller.persistence.services.ProcessLogger########flowable-async-job-executor-thread-23506###
[PollExecuteTaskStatusExecution] [incident-management-db-deployer] 15f57451-6af3-4284-9997-6c5bf0dc69b1 [2023-10-18T07:26:35.428621] Cell 6ed61087-9411-4294-b4e3-75509108329a successfully created container for instance ac6f8089-38b6-42d5-a7c4-43cadcbb1802 (STDOUT, CELL)#

#2.0#2023 10 18 07:26:44.460#Z#DEBUG#com.sap.cloud.lm.sl.xs2.6e46cc4c-6d87-11ee-ac67-eeee0a9d577d.incident-management-db-deployer.executeTaskTask#
######org.cloudfoundry.multiapps.controller.persistence.services.ProcessLogger########flowable-async-job-executor-thread-23506###
[PollExecuteTaskStatusExecution] [incident-management-db-deployer] 15f57451-6af3-4284-9997-6c5bf0dc69b1 [2023-10-18T07:26:42.366040] > start (STDOUT, APP/TASK/deploy)#

#2.0#2023 10 18 07:26:44.460#Z#DEBUG#com.sap.cloud.lm.sl.xs2.6e46cc4c-6d87-11ee-ac67-eeee0a9d577d.incident-management-db-deployer.executeTaskTask#
######org.cloudfoundry.multiapps.controller.persistence.services.ProcessLogger########flowable-async-job-executor-thread-23506###
[PollExecuteTaskStatusExecution] [incident-management-db-deployer] 15f57451-6af3-4284-9997-6c5bf0dc69b1 [2023-10-18T07:26:42.366053] > node node_modules/@sap/hdi-deploy/deploy.js (STDOUT, APP/TASK/deploy)#

#2.0#2023 10 18 07:26:44.460#Z#DEBUG#com.sap.cloud.lm.sl.xs2.6e46cc4c-6d87-11ee-ac67-eeee0a9d577d.incident-management-db-deployer.executeTaskTask#
######org.cloudfoundry.multiapps.controller.persistence.services.ProcessLogger########flowable-async-job-executor-thread-23506###
[PollExecuteTaskStatusExecution] [incident-management-db-deployer] 15f57451-6af3-4284-9997-6c5bf0dc69b1 [2023-10-18T07:26:43.164639] VCAP_SERVICES: { (STDOUT, APP/TASK/deploy)#

#2.0#2023 10 18 07:26:44.460#Z#DEBUG#com.sap.cloud.lm.sl.xs2.6e46cc4c-6d87-11ee-ac67-eeee0a9d577d.incident-management-db-deployer.executeTaskTask#
######org.cloudfoundry.multiapps.controller.persistence.services.ProcessLogger########flowable-async-job-executor-thread-23506###
[PollExecuteTaskStatusExecution] [incident-management-db-deployer] 15f57451-6af3-4284-9997-6c5bf0dc69b1 [2023-10-18T07:26:43.164652] "hana": [ (STDOUT, APP/TASK/deploy)#

#2.0#2023 10 18 07:26:44.460#Z#DEBUG#com.sap.cloud.lm.sl.xs2.6e46cc4c-6d87-11ee-ac67-eeee0a9d577d.incident-management-db-deployer.executeTaskTask#
######org.cloudfoundry.multiapps.controller.persistence.services.ProcessLogger########flowable-async-job-executor-thread-23506###
[PollExecuteTaskStatusExecution] [incident-management-db-deployer] 15f57451-6af3-4284-9997-6c5bf0dc69b1 [2023-10-18T07:26:43.164654] { (STDOUT, APP/TASK/deploy)#

#2.0#2023 10 18 07:26:44.460#Z#DEBUG#com.sap.cloud.lm.sl.xs2.6e46cc4c-6d87-11ee-ac67-eeee0a9d577d.incident-management-db-deployer.executeTaskTask#
######org.cloudfoundry.multiapps.controller.persistence.services.ProcessLogger########flowable-async-job-executor-thread-23506###
[PollExecuteTaskStatusExecution] [incident-management-db-deployer] 15f57451-6af3-4284-9997-6c5bf0dc69b1 [2023-10-18T07:26:43.164657] "label": "hana", (STDOUT, APP/TASK/deploy)#

#2.0#2023 10 18 07:26:44.460#Z#DEBUG#com.sap.cloud.lm.sl.xs2.6e46cc4c-6d87-11ee-ac67-eeee0a9d577d.incident-management-db-deployer.executeTaskTask#
######org.cloudfoundry.multiapps.controller.persistence.services.ProcessLogger########flowable-async-job-executor-thread-23506###
[PollExecuteTaskStatusExecution] [incident-management-db-deployer] 15f57451-6af3-4284-9997-6c5bf0dc69b1 [2023-10-18T07:26:43.164658] "provider": null, (STDOUT, APP/TASK/deploy)#

#2.0#2023 10 18 07:26:44.460#Z#DEBUG#com.sap.cloud.lm.sl.xs2.6e46cc4c-6d87-11ee-ac67-eeee0a9d577d.incident-management-db-deployer.executeTaskTask#
######org.cloudfoundry.multiapps.controller.persistence.services.ProcessLogger########flowable-async-job-executor-thread-23506###
[PollExecuteTaskStatusExecution] [incident-management-db-deployer] 15f57451-6af3-4284-9997-6c5bf0dc69b1 [2023-10-18T07:26:43.164660] "plan": "hdi-shared", (STDOUT, APP/TASK/deploy)#

#2.0#2023 10 18 07:26:44.460#Z#DEBUG#com.sap.cloud.lm.sl.xs2.6e46cc4c-6d87-11ee-ac67-eeee0a9d577d.incident-management-db-deployer.executeTaskTask#
######org.cloudfoundry.multiapps.controller.persistence.services.ProcessLogger########flowable-async-job-executor-thread-23506###
[PollExecuteTaskStatusExecution] [incident-management-db-deployer] 15f57451-6af3-4284-9997-6c5bf0dc69b1 [2023-10-18T07:26:43.164662] "name": "incident-management-db", (STDOUT, APP/TASK/deploy)#

#2.0#2023 10 18 07:26:44.460#Z#DEBUG#com.sap.cloud.lm.sl.xs2.6e46cc4c-6d87-11ee-ac67-eeee0a9d577d.incident-management-db-deployer.executeTaskTask#
######org.cloudfoundry.multiapps.controller.persistence.services.ProcessLogger########flowable-async-job-executor-thread-23506###
[PollExecuteTaskStatusExecution] [incident-management-db-deployer] 15f57451-6af3-4284-9997-6c5bf0dc69b1 [2023-10-18T07:26:43.164663] "tags": [ (STDOUT, APP/TASK/deploy)#

#2.0#2023 10 18 07:26:44.460#Z#DEBUG#com.sap.cloud.lm.sl.xs2.6e46cc4c-6d87-11ee-ac67-eeee0a9d577d.incident-management-db-deployer.executeTaskTask#
######org.cloudfoundry.multiapps.controller.persistence.services.ProcessLogger########flowable-async-job-executor-thread-23506###
[PollExecuteTaskStatusExecution] [incident-management-db-deployer] 15f57451-6af3-4284-9997-6c5bf0dc69b1 [2023-10-18T07:26:43.164664] "hana", (STDOUT, APP/TASK/deploy)#

#2.0#2023 10 18 07:26:44.460#Z#DEBUG#com.sap.cloud.lm.sl.xs2.6e46cc4c-6d87-11ee-ac67-eeee0a9d577d.incident-management-db-deployer.executeTaskTask#
######org.cloudfoundry.multiapps.controller.persistence.services.ProcessLogger########flowable-async-job-executor-thread-23506###
[PollExecuteTaskStatusExecution] [incident-management-db-deployer] 15f57451-6af3-4284-9997-6c5bf0dc69b1 [2023-10-18T07:26:43.164665] "database", (STDOUT, APP/TASK/deploy)#

#2.0#2023 10 18 07:26:44.460#Z#DEBUG#com.sap.cloud.lm.sl.xs2.6e46cc4c-6d87-11ee-ac67-eeee0a9d577d.incident-management-db-deployer.executeTaskTask#
######org.cloudfoundry.multiapps.controller.persistence.services.ProcessLogger########flowable-async-job-executor-thread-23506###
[PollExecuteTaskStatusExecution] [incident-management-db-deployer] 15f57451-6af3-4284-9997-6c5bf0dc69b1 [2023-10-18T07:26:43.164666] "relational" (STDOUT, APP/TASK/deploy)#

#2.0#2023 10 18 07:26:44.460#Z#DEBUG#com.sap.cloud.lm.sl.xs2.6e46cc4c-6d87-11ee-ac67-eeee0a9d577d.incident-management-db-deployer.executeTaskTask#
######org.cloudfoundry.multiapps.controller.persistence.services.ProcessLogger########flowable-async-job-executor-thread-23506###
[PollExecuteTaskStatusExecution] [incident-management-db-deployer] 15f57451-6af3-4284-9997-6c5bf0dc69b1 [2023-10-18T07:26:43.164668] ], (STDOUT, APP/TASK/deploy)#

#2.0#2023 10 18 07:26:44.460#Z#DEBUG#com.sap.cloud.lm.sl.xs2.6e46cc4c-6d87-11ee-ac67-eeee0a9d577d.incident-management-db-deployer.executeTaskTask#
######org.cloudfoundry.multiapps.controller.persistence.services.ProcessLogger########flowable-async-job-executor-thread-23506###
[PollExecuteTaskStatusExecution] [incident-management-db-deployer] 15f57451-6af3-4284-9997-6c5bf0dc69b1 [2023-10-18T07:26:43.164669] "instance_guid": "e4cbf0d3-e8fb-4441-a847-6a42daee11c7", (STDOUT, APP/TASK/deploy)#

#2.0#2023 10 18 07:26:44.460#Z#DEBUG#com.sap.cloud.lm.sl.xs2.6e46cc4c-6d87-11ee-ac67-eeee0a9d577d.incident-management-db-deployer.executeTaskTask#
######org.cloudfoundry.multiapps.controller.persistence.services.ProcessLogger########flowable-async-job-executor-thread-23506###
[PollExecuteTaskStatusExecution] [incident-management-db-deployer] 15f57451-6af3-4284-9997-6c5bf0dc69b1 [2023-10-18T07:26:43.164670] "instance_name": "incident-management-db", (STDOUT, APP/TASK/deploy)#

#2.0#2023 10 18 07:26:44.460#Z#DEBUG#com.sap.cloud.lm.sl.xs2.6e46cc4c-6d87-11ee-ac67-eeee0a9d577d.incident-management-db-deployer.executeTaskTask#
######org.cloudfoundry.multiapps.controller.persistence.services.ProcessLogger########flowable-async-job-executor-thread-23506###
[PollExecuteTaskStatusExecution] [incident-management-db-deployer] 15f57451-6af3-4284-9997-6c5bf0dc69b1 [2023-10-18T07:26:43.164676] "binding_guid": "ddebd0b7-df7a-40ef-a9f8-cfd6b5ccae54", (STDOUT, APP/TASK/deploy)#

#2.0#2023 10 18 07:26:44.460#Z#DEBUG#com.sap.cloud.lm.sl.xs2.6e46cc4c-6d87-11ee-ac67-eeee0a9d577d.incident-management-db-deployer.executeTaskTask#
######org.cloudfoundry.multiapps.controller.persistence.services.ProcessLogger########flowable-async-job-executor-thread-23506###
[PollExecuteTaskStatusExecution] [incident-management-db-deployer] 15f57451-6af3-4284-9997-6c5bf0dc69b1 [2023-10-18T07:26:43.164677] "binding_name": null, (STDOUT, APP/TASK/deploy)#

#2.0#2023 10 18 07:26:44.460#Z#DEBUG#com.sap.cloud.lm.sl.xs2.6e46cc4c-6d87-11ee-ac67-eeee0a9d577d.incident-management-db-deployer.executeTaskTask#
######org.cloudfoundry.multiapps.controller.persistence.services.ProcessLogger########flowable-async-job-executor-thread-23506###
[PollExecuteTaskStatusExecution] [incident-management-db-deployer] 15f57451-6af3-4284-9997-6c5bf0dc69b1 [2023-10-18T07:26:43.164678] "credentials": { (STDOUT, APP/TASK/deploy)#

#2.0#2023 10 18 07:26:44.460#Z#DEBUG#com.sap.cloud.lm.sl.xs2.6e46cc4c-6d87-11ee-ac67-eeee0a9d577d.incident-management-db-deployer.executeTaskTask#
######org.cloudfoundry.multiapps.controller.persistence.services.ProcessLogger########flowable-async-job-executor-thread-23506###
[PollExecuteTaskStatusExecution] [incident-management-db-deployer] 15f57451-6af3-4284-9997-6c5bf0dc69b1 [2023-10-18T07:26:43.164680] "database_id": "b597967a-4989-44fc-b466-4fe28277e72b", (STDOUT, APP/TASK/deploy)#

#2.0#2023 10 18 07:26:44.460#Z#DEBUG#com.sap.cloud.lm.sl.xs2.6e46cc4c-6d87-11ee-ac67-eeee0a9d577d.incident-management-db-deployer.executeTaskTask#
######org.cloudfoundry.multiapps.controller.persistence.services.ProcessLogger########flowable-async-job-executor-thread-23506###
[PollExecuteTaskStatusExecution] [incident-management-db-deployer] 15f57451-6af3-4284-9997-6c5bf0dc69b1 [2023-10-18T07:26:43.164682] "host": "b597967a-4989-44fc-b466-4fe28277e72b.hna1.prod-eu10.hanacloud.ondemand.com", (STDOUT, APP/TASK/deploy)#

#2.0#2023 10 18 07:26:44.460#Z#DEBUG#com.sap.cloud.lm.sl.xs2.6e46cc4c-6d87-11ee-ac67-eeee0a9d577d.incident-management-db-deployer.executeTaskTask#
######org.cloudfoundry.multiapps.controller.persistence.services.ProcessLogger########flowable-async-job-executor-thread-23506###
[PollExecuteTaskStatusExecution] [incident-management-db-deployer] 15f57451-6af3-4284-9997-6c5bf0dc69b1 [2023-10-18T07:26:43.164683] "port": "443", (STDOUT, APP/TASK/deploy)#

#2.0#2023 10 18 07:26:44.460#Z#DEBUG#com.sap.cloud.lm.sl.xs2.6e46cc4c-6d87-11ee-ac67-eeee0a9d577d.incident-management-db-deployer.executeTaskTask#
######org.cloudfoundry.multiapps.controller.persistence.services.ProcessLogger########flowable-async-job-executor-thread-23506###
[PollExecuteTaskStatusExecution] [incident-management-db-deployer] 15f57451-6af3-4284-9997-6c5bf0dc69b1 [2023-10-18T07:26:43.164684] "driver": "com.sap.db.jdbc.Driver", (STDOUT, APP/TASK/deploy)#

#2.0#2023 10 18 07:26:44.460#Z#DEBUG#com.sap.cloud.lm.sl.xs2.6e46cc4c-6d87-11ee-ac67-eeee0a9d577d.incident-management-db-deployer.executeTaskTask#
######org.cloudfoundry.multiapps.controller.persistence.services.ProcessLogger########flowable-async-job-executor-thread-23506###
[PollExecuteTaskStatusExecution] [incident-management-db-deployer] 15f57451-6af3-4284-9997-6c5bf0dc69b1 [2023-10-18T07:26:43.164687] "url": "jdbc:sap://b597967a-4989-44fc-b466-4fe28277e72b.hna1.prod-eu10.hanacloud.ondemand.com:443?encrypt=true&validateCertificate=true&currentschema=27DF169AD7B741F3AAF1CB222C5D776C", (STDOUT, APP/TASK/deploy)#

#2.0#2023 10 18 07:26:44.461#Z#DEBUG#com.sap.cloud.lm.sl.xs2.6e46cc4c-6d87-11ee-ac67-eeee0a9d577d.incident-management-db-deployer.executeTaskTask#
######org.cloudfoundry.multiapps.controller.persistence.services.ProcessLogger########flowable-async-job-executor-thread-23506###
[PollExecuteTaskStatusExecution] [incident-management-db-deployer] 15f57451-6af3-4284-9997-6c5bf0dc69b1 [2023-10-18T07:26:43.164689] "schema": "27DF169AD7B741F3AAF1CB222C5D776C", (STDOUT, APP/TASK/deploy)#

#2.0#2023 10 18 07:26:44.461#Z#DEBUG#com.sap.cloud.lm.sl.xs2.6e46cc4c-6d87-11ee-ac67-eeee0a9d577d.incident-management-db-deployer.executeTaskTask#
######org.cloudfoundry.multiapps.controller.persistence.services.ProcessLogger########flowable-async-job-executor-thread-23506###
[PollExecuteTaskStatusExecution] [incident-management-db-deployer] 15f57451-6af3-4284-9997-6c5bf0dc69b1 [2023-10-18T07:26:43.164690] "hdi_user": "27DF169AD7B741F3AAF1CB222C5D776C_35G411XDH7WC0P82YYXL4ADH3_DT", (STDOUT, APP/TASK/deploy)#

#2.0#2023 10 18 07:26:44.461#Z#DEBUG#com.sap.cloud.lm.sl.xs2.6e46cc4c-6d87-11ee-ac67-eeee0a9d577d.incident-management-db-deployer.executeTaskTask#
######org.cloudfoundry.multiapps.controller.persistence.services.ProcessLogger########flowable-async-job-executor-thread-23506###
[PollExecuteTaskStatusExecution] [incident-management-db-deployer] 15f57451-6af3-4284-9997-6c5bf0dc69b1 [2023-10-18T07:26:43.164693] "hdi_p[...] (STDOUT, APP/TASK/deploy)#

#2.0#2023 10 18 07:26:44.461#Z#DEBUG#com.sap.cloud.lm.sl.xs2.6e46cc4c-6d87-11ee-ac67-eeee0a9d577d.incident-management-db-deployer.executeTaskTask#
######org.cloudfoundry.multiapps.controller.persistence.services.ProcessLogger########flowable-async-job-executor-thread-23506###
[PollExecuteTaskStatusExecution] [incident-management-db-deployer] 15f57451-6af3-4284-9997-6c5bf0dc69b1 [2023-10-18T07:26:43.164695] "user": "27DF169AD7B741F3AAF1CB222C5D776C_35G411XDH7WC0P82YYXL4ADH3_RT", (STDOUT, APP/TASK/deploy)#

#2.0#2023 10 18 07:26:44.461#Z#DEBUG#com.sap.cloud.lm.sl.xs2.6e46cc4c-6d87-11ee-ac67-eeee0a9d577d.incident-management-db-deployer.executeTaskTask#
######org.cloudfoundry.multiapps.controller.persistence.services.ProcessLogger########flowable-async-job-executor-thread-23506###
[PollExecuteTaskStatusExecution] [incident-management-db-deployer] 15f57451-6af3-4284-9997-6c5bf0dc69b1 [2023-10-18T07:26:43.164696] "p[...] (STDOUT, APP/TASK/deploy)#

#2.0#2023 10 18 07:26:44.461#Z#DEBUG#com.sap.cloud.lm.sl.xs2.6e46cc4c-6d87-11ee-ac67-eeee0a9d577d.incident-management-db-deployer.executeTaskTask#
######org.cloudfoundry.multiapps.controller.persistence.services.ProcessLogger########flowable-async-job-executor-thread-23506###
[PollExecuteTaskStatusExecution] [incident-management-db-deployer] 15f57451-6af3-4284-9997-6c5bf0dc69b1 [2023-10-18T07:26:43.164700] "certificate": "-----BEGIN CERTIFICATE-----\nMIIDrzCCApegAwIBAgIQCDvgVpBCRrGhdWrJWZHHSjANBgkqhkiG9w0BAQUFADBh\nMQswCQYDVQQGEwJVUzEVMBMGA1UEChMMRGlnaUNlcnQgSW5jMRkwFwYDVQQLExB3\nd3cuZGlnaWNlcnQuY29tMSAwHgYDVQQDExdEaWdpQ2VydCBHbG9iYWwgUm9vdCBD\nQTAeFw0wNjExMTAwMDAwMDBaFw0zMTExMTAwMDAwMDBaMGExCzAJBgNVBAYTAlVT\nMRUwEwYDVQQKEwxEaWdpQ2VydCBJbmMxGTAXBgNVBAsTEHd3dy5kaWdpY2VydC5j\nb20xIDAeBgNVBAMTF0RpZ2lDZXJ0IEdsb2JhbCBSb290IENBMIIBIjANBgkqhkiG\n9w0BAQEFAAOCAQ8AMIIBCgKCAQEA4jvhEXLeqKTTo1eqUKKPC3eQyaKl7hLOllsB\nCSDMAZOnTjC3U/dDxGkAV53ijSLdhwZAAIEJzs4bg7/fzTtxRuLWZscFs3YnFo97\nnh6Vfe63SKMI2tavegw5BmV/Sl0fvBf4q77uKNd0f3p4mVmFaG5cIzJLv07A6Fpt\n43C/dxC//AH2hdmoRBBYMql1GNXRor5H4idq9Joz+EkIYIvUX7Q6hL+hqkpMfT7P\nT19sdl6gSzeRntwi5m3OFBqOasv+zbMUZBfHWymeMr/y7vrTC0LUq7dBMtoM1O/4\ngdW7jVg/tRvoSSiicNoxBN33shbyTApOB6jtSj1etX+jkMOvJwIDAQABo2MwYTAO\nBgNVHQ8BAf8EBAMCAYYwDwYDVR0TAQH/BAUwAwEB/zAdBgNVHQ4EFgQUA95QNVbR\nTLtm8KPiGxvDl7I90VUwHwYDVR0jBBgwFoAUA95QNVbRTLtm8KPiGxvDl7I90VUw\nDQYJKoZIhvcNAQEFBQADggEBAMucN6pIExIK+t1EnE9SsPTfrgT1eXkIoyQY/Esr\nhMAtudXH/vTBH1jLuG2cenTnmCmrEbXjcKChzUyImZOMkXDiqw8cvpOp/2PV5Adg\n06O/nVsJ8dWO41P0jmP6P6fbtGbfYmbW0W5BjfIttep3Sp+dWOIrWcBAI+0tKIJF\nPnlUkiaY4IBIqDfv8NZ5YBberOgOzW6sRBc4L0na4UU+Krk2U886UAb3LujEV0ls\nYSEY1QSteDwsOoBrp+uvFRTp2InBuThs4pFsiv9kuXclVzDAGySj4dzp30d8tbQk\nCAUw7C29C79Fv1C5qfPrmAESrciIxpg0X40KPMbp1ZWVbd4=\n-----END CERTIFICATE-----" (STDOUT, APP/TASK/deploy)#

#2.0#2023 10 18 07:26:44.461#Z#DEBUG#com.sap.cloud.lm.sl.xs2.6e46cc4c-6d87-11ee-ac67-eeee0a9d577d.incident-management-db-deployer.executeTaskTask#
######org.cloudfoundry.multiapps.controller.persistence.services.ProcessLogger########flowable-async-job-executor-thread-23506###
[PollExecuteTaskStatusExecution] [incident-management-db-deployer] 15f57451-6af3-4284-9997-6c5bf0dc69b1 [2023-10-18T07:26:43.164701] }, (STDOUT, APP/TASK/deploy)#

#2.0#2023 10 18 07:26:44.461#Z#DEBUG#com.sap.cloud.lm.sl.xs2.6e46cc4c-6d87-11ee-ac67-eeee0a9d577d.incident-management-db-deployer.executeTaskTask#
######org.cloudfoundry.multiapps.controller.persistence.services.ProcessLogger########flowable-async-job-executor-thread-23506###
[PollExecuteTaskStatusExecution] [incident-management-db-deployer] 15f57451-6af3-4284-9997-6c5bf0dc69b1 [2023-10-18T07:26:43.164703] "syslog_drain_url": null, (STDOUT, APP/TASK/deploy)#

#2.0#2023 10 18 07:26:44.461#Z#DEBUG#com.sap.cloud.lm.sl.xs2.6e46cc4c-6d87-11ee-ac67-eeee0a9d577d.incident-management-db-deployer.executeTaskTask#
######org.cloudfoundry.multiapps.controller.persistence.services.ProcessLogger########flowable-async-job-executor-thread-23506###
[PollExecuteTaskStatusExecution] [incident-management-db-deployer] 15f57451-6af3-4284-9997-6c5bf0dc69b1 [2023-10-18T07:26:43.164704] "volume_mounts": [] (STDOUT, APP/TASK/deploy)#

#2.0#2023 10 18 07:26:44.461#Z#DEBUG#com.sap.cloud.lm.sl.xs2.6e46cc4c-6d87-11ee-ac67-eeee0a9d577d.incident-management-db-deployer.executeTaskTask#
######org.cloudfoundry.multiapps.controller.persistence.services.ProcessLogger########flowable-async-job-executor-thread-23506###
[PollExecuteTaskStatusExecution] [incident-management-db-deployer] 15f57451-6af3-4284-9997-6c5bf0dc69b1 [2023-10-18T07:26:43.164705] } (STDOUT, APP/TASK/deploy)#

#2.0#2023 10 18 07:26:44.461#Z#DEBUG#com.sap.cloud.lm.sl.xs2.6e46cc4c-6d87-11ee-ac67-eeee0a9d577d.incident-management-db-deployer.executeTaskTask#
######org.cloudfoundry.multiapps.controller.persistence.services.ProcessLogger########flowable-async-job-executor-thread-23506###
[PollExecuteTaskStatusExecution] [incident-management-db-deployer] 15f57451-6af3-4284-9997-6c5bf0dc69b1 [2023-10-18T07:26:43.164706] ] (STDOUT, APP/TASK/deploy)#

#2.0#2023 10 18 07:26:44.461#Z#DEBUG#com.sap.cloud.lm.sl.xs2.6e46cc4c-6d87-11ee-ac67-eeee0a9d577d.incident-management-db-deployer.executeTaskTask#
######org.cloudfoundry.multiapps.controller.persistence.services.ProcessLogger########flowable-async-job-executor-thread-23506###
[PollExecuteTaskStatusExecution] [incident-management-db-deployer] 15f57451-6af3-4284-9997-6c5bf0dc69b1 [2023-10-18T07:26:43.164707] } (STDOUT, APP/TASK/deploy)#

#2.0#2023 10 18 07:26:54.469#Z#DEBUG#com.sap.cloud.lm.sl.xs2.6e46cc4c-6d87-11ee-ac67-eeee0a9d577d.incident-management-db-deployer.executeTaskTask#
######org.cloudfoundry.multiapps.controller.persistence.services.ProcessLogger########flowable-async-job-executor-thread-23568###
[PollExecuteTaskStatusExecution] [incident-management-db-deployer] 15f57451-6af3-4284-9997-6c5bf0dc69b1 [2023-10-18T07:26:44.309655] @sap/hdi-deploy, version 4.8.2 (mode default), server version 4.00.000.00.1696926395 (4.0.0.0), cloud version 2023.28.9, node version 18.17.1, HDI version 1012, container API version 1006 (STDOUT, APP/TASK/deploy)#

#2.0#2023 10 18 07:26:54.469#Z#DEBUG#com.sap.cloud.lm.sl.xs2.6e46cc4c-6d87-11ee-ac67-eeee0a9d577d.incident-management-db-deployer.executeTaskTask#
######org.cloudfoundry.multiapps.controller.persistence.services.ProcessLogger########flowable-async-job-executor-thread-23568###
[PollExecuteTaskStatusExecution] [incident-management-db-deployer] 15f57451-6af3-4284-9997-6c5bf0dc69b1 [2023-10-18T07:26:44.309808] Deployment started at 2023-10-18 07:26:44 (STDOUT, APP/TASK/deploy)#

#2.0#2023 10 18 07:26:54.469#Z#DEBUG#com.sap.cloud.lm.sl.xs2.6e46cc4c-6d87-11ee-ac67-eeee0a9d577d.incident-management-db-deployer.executeTaskTask#
######org.cloudfoundry.multiapps.controller.persistence.services.ProcessLogger########flowable-async-job-executor-thread-23568###
[PollExecuteTaskStatusExecution] [incident-management-db-deployer] 15f57451-6af3-4284-9997-6c5bf0dc69b1 [2023-10-18T07:26:44.309816] Using @sap/hana-client@2.18.24 for connection (STDOUT, APP/TASK/deploy)#

#2.0#2023 10 18 07:26:54.469#Z#DEBUG#com.sap.cloud.lm.sl.xs2.6e46cc4c-6d87-11ee-ac67-eeee0a9d577d.incident-management-db-deployer.executeTaskTask#
######org.cloudfoundry.multiapps.controller.persistence.services.ProcessLogger########flowable-async-job-executor-thread-23568###
[PollExecuteTaskStatusExecution] [incident-management-db-deployer] 15f57451-6af3-4284-9997-6c5bf0dc69b1 [2023-10-18T07:26:44.377885] No ignore file at /home/vcap/app/.hdiignore. (STDOUT, APP/TASK/deploy)#

#2.0#2023 10 18 07:26:54.469#Z#DEBUG#com.sap.cloud.lm.sl.xs2.6e46cc4c-6d87-11ee-ac67-eeee0a9d577d.incident-management-db-deployer.executeTaskTask#
######org.cloudfoundry.multiapps.controller.persistence.services.ProcessLogger########flowable-async-job-executor-thread-23568###
[PollExecuteTaskStatusExecution] [incident-management-db-deployer] 15f57451-6af3-4284-9997-6c5bf0dc69b1 [2023-10-18T07:26:44.378089] Collecting files... (STDOUT, APP/TASK/deploy)#

#2.0#2023 10 18 07:26:54.469#Z#DEBUG#com.sap.cloud.lm.sl.xs2.6e46cc4c-6d87-11ee-ac67-eeee0a9d577d.incident-management-db-deployer.executeTaskTask#
######org.cloudfoundry.multiapps.controller.persistence.services.ProcessLogger########flowable-async-job-executor-thread-23568###
[PollExecuteTaskStatusExecution] [incident-management-db-deployer] 15f57451-6af3-4284-9997-6c5bf0dc69b1 [2023-10-18T07:26:44.464005] Collecting files... ok (0s 86ms) (STDOUT, APP/TASK/deploy)#

#2.0#2023 10 18 07:26:54.469#Z#DEBUG#com.sap.cloud.lm.sl.xs2.6e46cc4c-6d87-11ee-ac67-eeee0a9d577d.incident-management-db-deployer.executeTaskTask#
######org.cloudfoundry.multiapps.controller.persistence.services.ProcessLogger########flowable-async-job-executor-thread-23568###
[PollExecuteTaskStatusExecution] [incident-management-db-deployer] 15f57451-6af3-4284-9997-6c5bf0dc69b1 [2023-10-18T07:26:44.464017] 3 directories collected (STDOUT, APP/TASK/deploy)#

#2.0#2023 10 18 07:26:54.469#Z#DEBUG#com.sap.cloud.lm.sl.xs2.6e46cc4c-6d87-11ee-ac67-eeee0a9d577d.incident-management-db-deployer.executeTaskTask#
######org.cloudfoundry.multiapps.controller.persistence.services.ProcessLogger########flowable-async-job-executor-thread-23568###
[PollExecuteTaskStatusExecution] [incident-management-db-deployer] 15f57451-6af3-4284-9997-6c5bf0dc69b1 [2023-10-18T07:26:44.464019] 45 files collected (STDOUT, APP/TASK/deploy)#

#2.0#2023 10 18 07:26:54.469#Z#DEBUG#com.sap.cloud.lm.sl.xs2.6e46cc4c-6d87-11ee-ac67-eeee0a9d577d.incident-management-db-deployer.executeTaskTask#
######org.cloudfoundry.multiapps.controller.persistence.services.ProcessLogger########flowable-async-job-executor-thread-23568###
[PollExecuteTaskStatusExecution] [incident-management-db-deployer] 15f57451-6af3-4284-9997-6c5bf0dc69b1 [2023-10-18T07:26:44.464030] 0 reusable modules collected (STDOUT, APP/TASK/deploy)#

#2.0#2023 10 18 07:26:54.469#Z#DEBUG#com.sap.cloud.lm.sl.xs2.6e46cc4c-6d87-11ee-ac67-eeee0a9d577d.incident-management-db-deployer.executeTaskTask#
######org.cloudfoundry.multiapps.controller.persistence.services.ProcessLogger########flowable-async-job-executor-thread-23568###
[PollExecuteTaskStatusExecution] [incident-management-db-deployer] 15f57451-6af3-4284-9997-6c5bf0dc69b1 [2023-10-18T07:26:44.464032] Target service: incident-management-db (STDOUT, APP/TASK/deploy)#

#2.0#2023 10 18 07:26:54.469#Z#DEBUG#com.sap.cloud.lm.sl.xs2.6e46cc4c-6d87-11ee-ac67-eeee0a9d577d.incident-management-db-deployer.executeTaskTask#
######org.cloudfoundry.multiapps.controller.persistence.services.ProcessLogger########flowable-async-job-executor-thread-23568###
[PollExecuteTaskStatusExecution] [incident-management-db-deployer] 15f57451-6af3-4284-9997-6c5bf0dc69b1 [2023-10-18T07:26:44.715448] Session variable APPLICATION is set to "SAP_HDI/dev/NOVO_Build_Tests_special_purpose_incidentmanagement-nv8u72yf". (STDOUT, APP/TASK/deploy)#

#2.0#2023 10 18 07:26:54.469#Z#DEBUG#com.sap.cloud.lm.sl.xs2.6e46cc4c-6d87-11ee-ac67-eeee0a9d577d.incident-management-db-deployer.executeTaskTask#
######org.cloudfoundry.multiapps.controller.persistence.services.ProcessLogger########flowable-async-job-executor-thread-23568###
[PollExecuteTaskStatusExecution] [incident-management-db-deployer] 15f57451-6af3-4284-9997-6c5bf0dc69b1 [2023-10-18T07:26:44.923559] Previous build with request ID 19 finished at 2023-10-17 14:23:23.822478000 with status Rolled back and message: Starting make in the container "27DF169AD7B741F3AAF1CB222C5D776C" with 0 files to deploy, 0 files to undeploy... ok. (STDOUT, APP/TASK/deploy)#

#2.0#2023 10 18 07:26:54.469#Z#DEBUG#com.sap.cloud.lm.sl.xs2.6e46cc4c-6d87-11ee-ac67-eeee0a9d577d.incident-management-db-deployer.executeTaskTask#
######org.cloudfoundry.multiapps.controller.persistence.services.ProcessLogger########flowable-async-job-executor-thread-23568###
[PollExecuteTaskStatusExecution] [incident-management-db-deployer] 15f57451-6af3-4284-9997-6c5bf0dc69b1 [2023-10-18T07:26:44.923578] Processing revoke files... (STDOUT, APP/TASK/deploy)#

#2.0#2023 10 18 07:26:54.469#Z#DEBUG#com.sap.cloud.lm.sl.xs2.6e46cc4c-6d87-11ee-ac67-eeee0a9d577d.incident-management-db-deployer.executeTaskTask#
######org.cloudfoundry.multiapps.controller.persistence.services.ProcessLogger########flowable-async-job-executor-thread-23568###
[PollExecuteTaskStatusExecution] [incident-management-db-deployer] 15f57451-6af3-4284-9997-6c5bf0dc69b1 [2023-10-18T07:26:44.923734] Processing revoke files... ok (0s 0ms) (STDOUT, APP/TASK/deploy)#

#2.0#2023 10 18 07:26:54.469#Z#DEBUG#com.sap.cloud.lm.sl.xs2.6e46cc4c-6d87-11ee-ac67-eeee0a9d577d.incident-management-db-deployer.executeTaskTask#
######org.cloudfoundry.multiapps.controller.persistence.services.ProcessLogger########flowable-async-job-executor-thread-23568###
[PollExecuteTaskStatusExecution] [incident-management-db-deployer] 15f57451-6af3-4284-9997-6c5bf0dc69b1 [2023-10-18T07:26:44.923857] Processing grants files... (STDOUT, APP/TASK/deploy)#

#2.0#2023 10 18 07:26:54.469#Z#DEBUG#com.sap.cloud.lm.sl.xs2.6e46cc4c-6d87-11ee-ac67-eeee0a9d577d.incident-management-db-deployer.executeTaskTask#
######org.cloudfoundry.multiapps.controller.persistence.services.ProcessLogger########flowable-async-job-executor-thread-23568###
[PollExecuteTaskStatusExecution] [incident-management-db-deployer] 15f57451-6af3-4284-9997-6c5bf0dc69b1 [2023-10-18T07:26:44.923924] Processing grants files... ok (0s 0ms) (STDOUT, APP/TASK/deploy)#

#2.0#2023 10 18 07:26:54.469#Z#DEBUG#com.sap.cloud.lm.sl.xs2.6e46cc4c-6d87-11ee-ac67-eeee0a9d577d.incident-management-db-deployer.executeTaskTask#
######org.cloudfoundry.multiapps.controller.persistence.services.ProcessLogger########flowable-async-job-executor-thread-23568###
[PollExecuteTaskStatusExecution] [incident-management-db-deployer] 15f57451-6af3-4284-9997-6c5bf0dc69b1 [2023-10-18T07:26:44.925300] Preprocessing files... (STDOUT, APP/TASK/deploy)#

#2.0#2023 10 18 07:26:54.469#Z#DEBUG#com.sap.cloud.lm.sl.xs2.6e46cc4c-6d87-11ee-ac67-eeee0a9d577d.incident-management-db-deployer.executeTaskTask#
######org.cloudfoundry.multiapps.controller.persistence.services.ProcessLogger########flowable-async-job-executor-thread-23568###
[PollExecuteTaskStatusExecution] [incident-management-db-deployer] 15f57451-6af3-4284-9997-6c5bf0dc69b1 [2023-10-18T07:26:44.925686] Preprocessing files... ok (0s 0ms) (STDOUT, APP/TASK/deploy)#

#2.0#2023 10 18 07:26:54.469#Z#DEBUG#com.sap.cloud.lm.sl.xs2.6e46cc4c-6d87-11ee-ac67-eeee0a9d577d.incident-management-db-deployer.executeTaskTask#
######org.cloudfoundry.multiapps.controller.persistence.services.ProcessLogger########flowable-async-job-executor-thread-23568###
[PollExecuteTaskStatusExecution] [incident-management-db-deployer] 15f57451-6af3-4284-9997-6c5bf0dc69b1 [2023-10-18T07:26:44.925766] Connecting to the container "27DF169AD7B741F3AAF1CB222C5D776C"... (STDOUT, APP/TASK/deploy)#

#2.0#2023 10 18 07:26:54.469#Z#DEBUG#com.sap.cloud.lm.sl.xs2.6e46cc4c-6d87-11ee-ac67-eeee0a9d577d.incident-management-db-deployer.executeTaskTask#
######org.cloudfoundry.multiapps.controller.persistence.services.ProcessLogger########flowable-async-job-executor-thread-23568###
[PollExecuteTaskStatusExecution] [incident-management-db-deployer] 15f57451-6af3-4284-9997-6c5bf0dc69b1 [2023-10-18T07:26:45.095226] Connecting to the container "27DF169AD7B741F3AAF1CB222C5D776C"... ok (0s 169ms) (STDOUT, APP/TASK/deploy)#

#2.0#2023 10 18 07:26:54.469#Z#DEBUG#com.sap.cloud.lm.sl.xs2.6e46cc4c-6d87-11ee-ac67-eeee0a9d577d.incident-management-db-deployer.executeTaskTask#
######org.cloudfoundry.multiapps.controller.persistence.services.ProcessLogger########flowable-async-job-executor-thread-23568###
[PollExecuteTaskStatusExecution] [incident-management-db-deployer] 15f57451-6af3-4284-9997-6c5bf0dc69b1 [2023-10-18T07:26:45.095236] Locking the container "27DF169AD7B741F3AAF1CB222C5D776C"... (STDOUT, APP/TASK/deploy)#

#2.0#2023 10 18 07:26:54.469#Z#DEBUG#com.sap.cloud.lm.sl.xs2.6e46cc4c-6d87-11ee-ac67-eeee0a9d577d.incident-management-db-deployer.executeTaskTask#
######org.cloudfoundry.multiapps.controller.persistence.services.ProcessLogger########flowable-async-job-executor-thread-23568###
[PollExecuteTaskStatusExecution] [incident-management-db-deployer] 15f57451-6af3-4284-9997-6c5bf0dc69b1 [2023-10-18T07:26:45.418884] Locking the container "27DF169AD7B741F3AAF1CB222C5D776C"... ok (0s 324ms) (STDOUT, APP/TASK/deploy)#

#2.0#2023 10 18 07:26:54.469#Z#DEBUG#com.sap.cloud.lm.sl.xs2.6e46cc4c-6d87-11ee-ac67-eeee0a9d577d.incident-management-db-deployer.executeTaskTask#
######org.cloudfoundry.multiapps.controller.persistence.services.ProcessLogger########flowable-async-job-executor-thread-23568###
[PollExecuteTaskStatusExecution] [incident-management-db-deployer] 15f57451-6af3-4284-9997-6c5bf0dc69b1 [2023-10-18T07:26:45.418910] Synchronizing files with the container "27DF169AD7B741F3AAF1CB222C5D776C"... (STDOUT, APP/TASK/deploy)#

#2.0#2023 10 18 07:26:54.469#Z#DEBUG#com.sap.cloud.lm.sl.xs2.6e46cc4c-6d87-11ee-ac67-eeee0a9d577d.incident-management-db-deployer.executeTaskTask#
######org.cloudfoundry.multiapps.controller.persistence.services.ProcessLogger########flowable-async-job-executor-thread-23568###
[PollExecuteTaskStatusExecution] [incident-management-db-deployer] 15f57451-6af3-4284-9997-6c5bf0dc69b1 [2023-10-18T07:26:45.418915] Deleting files... (STDOUT, APP/TASK/deploy)#

#2.0#2023 10 18 07:26:54.469#Z#DEBUG#com.sap.cloud.lm.sl.xs2.6e46cc4c-6d87-11ee-ac67-eeee0a9d577d.incident-management-db-deployer.executeTaskTask#
######org.cloudfoundry.multiapps.controller.persistence.services.ProcessLogger########flowable-async-job-executor-thread-23568###
[PollExecuteTaskStatusExecution] [incident-management-db-deployer] 15f57451-6af3-4284-9997-6c5bf0dc69b1 [2023-10-18T07:26:45.574036] Deleting files... ok (STDOUT, APP/TASK/deploy)#

#2.0#2023 10 18 07:26:54.469#Z#DEBUG#com.sap.cloud.lm.sl.xs2.6e46cc4c-6d87-11ee-ac67-eeee0a9d577d.incident-management-db-deployer.executeTaskTask#
######org.cloudfoundry.multiapps.controller.persistence.services.ProcessLogger########flowable-async-job-executor-thread-23568###
[PollExecuteTaskStatusExecution] [incident-management-db-deployer] 15f57451-6af3-4284-9997-6c5bf0dc69b1 [2023-10-18T07:26:45.574048] Writing files... (STDOUT, APP/TASK/deploy)#

#2.0#2023 10 18 07:26:54.469#Z#DEBUG#com.sap.cloud.lm.sl.xs2.6e46cc4c-6d87-11ee-ac67-eeee0a9d577d.incident-management-db-deployer.executeTaskTask#
######org.cloudfoundry.multiapps.controller.persistence.services.ProcessLogger########flowable-async-job-executor-thread-23568###
[PollExecuteTaskStatusExecution] [incident-management-db-deployer] 15f57451-6af3-4284-9997-6c5bf0dc69b1 [2023-10-18T07:26:45.911593] Writing files... ok (STDOUT, APP/TASK/deploy)#

#2.0#2023 10 18 07:26:54.469#Z#DEBUG#com.sap.cloud.lm.sl.xs2.6e46cc4c-6d87-11ee-ac67-eeee0a9d577d.incident-management-db-deployer.executeTaskTask#
######org.cloudfoundry.multiapps.controller.persistence.services.ProcessLogger########flowable-async-job-executor-thread-23568###
[PollExecuteTaskStatusExecution] [incident-management-db-deployer] 15f57451-6af3-4284-9997-6c5bf0dc69b1 [2023-10-18T07:26:45.911601] Synchronizing files with the container "27DF169AD7B741F3AAF1CB222C5D776C"... ok (0s 493ms) (STDOUT, APP/TASK/deploy)#

#2.0#2023 10 18 07:26:54.469#Z#DEBUG#com.sap.cloud.lm.sl.xs2.6e46cc4c-6d87-11ee-ac67-eeee0a9d577d.incident-management-db-deployer.executeTaskTask#
######org.cloudfoundry.multiapps.controller.persistence.services.ProcessLogger########flowable-async-job-executor-thread-23568###
[PollExecuteTaskStatusExecution] [incident-management-db-deployer] 15f57451-6af3-4284-9997-6c5bf0dc69b1 [2023-10-18T07:26:46.058966] added files: [] (STDOUT, APP/TASK/deploy)#

#2.0#2023 10 18 07:26:54.469#Z#DEBUG#com.sap.cloud.lm.sl.xs2.6e46cc4c-6d87-11ee-ac67-eeee0a9d577d.incident-management-db-deployer.executeTaskTask#
######org.cloudfoundry.multiapps.controller.persistence.services.ProcessLogger########flowable-async-job-executor-thread-23568###
[PollExecuteTaskStatusExecution] [incident-management-db-deployer] 15f57451-6af3-4284-9997-6c5bf0dc69b1 [2023-10-18T07:26:46.058976] modified files: [] (STDOUT, APP/TASK/deploy)#

#2.0#2023 10 18 07:26:54.469#Z#DEBUG#com.sap.cloud.lm.sl.xs2.6e46cc4c-6d87-11ee-ac67-eeee0a9d577d.incident-management-db-deployer.executeTaskTask#
######org.cloudfoundry.multiapps.controller.persistence.services.ProcessLogger########flowable-async-job-executor-thread-23568###
[PollExecuteTaskStatusExecution] [incident-management-db-deployer] 15f57451-6af3-4284-9997-6c5bf0dc69b1 [2023-10-18T07:26:46.058978] deleted files: [] (STDOUT, APP/TASK/deploy)#

#2.0#2023 10 18 07:26:54.469#Z#DEBUG#com.sap.cloud.lm.sl.xs2.6e46cc4c-6d87-11ee-ac67-eeee0a9d577d.incident-management-db-deployer.executeTaskTask#
######org.cloudfoundry.multiapps.controller.persistence.services.ProcessLogger########flowable-async-job-executor-thread-23568###
[PollExecuteTaskStatusExecution] [incident-management-db-deployer] 15f57451-6af3-4284-9997-6c5bf0dc69b1 [2023-10-18T07:26:46.059036] 0 modified or added files are scheduled for deploy based on delta detection (STDOUT, APP/TASK/deploy)#

#2.0#2023 10 18 07:26:54.469#Z#DEBUG#com.sap.cloud.lm.sl.xs2.6e46cc4c-6d87-11ee-ac67-eeee0a9d577d.incident-management-db-deployer.executeTaskTask#
######org.cloudfoundry.multiapps.controller.persistence.services.ProcessLogger########flowable-async-job-executor-thread-23568###
[PollExecuteTaskStatusExecution] [incident-management-db-deployer] 15f57451-6af3-4284-9997-6c5bf0dc69b1 [2023-10-18T07:26:46.059348] 0 deleted files are scheduled for undeploy based on delta detection (filtered by undeploy allowlist) (STDOUT, APP/TASK/deploy)#

#2.0#2023 10 18 07:26:54.469#Z#DEBUG#com.sap.cloud.lm.sl.xs2.6e46cc4c-6d87-11ee-ac67-eeee0a9d577d.incident-management-db-deployer.executeTaskTask#
######org.cloudfoundry.multiapps.controller.persistence.services.ProcessLogger########flowable-async-job-executor-thread-23568###
[PollExecuteTaskStatusExecution] [incident-management-db-deployer] 15f57451-6af3-4284-9997-6c5bf0dc69b1 [2023-10-18T07:26:46.059376] 0 files are scheduled for deploy based on explicit specification (STDOUT, APP/TASK/deploy)#

#2.0#2023 10 18 07:26:54.469#Z#DEBUG#com.sap.cloud.lm.sl.xs2.6e46cc4c-6d87-11ee-ac67-eeee0a9d577d.incident-management-db-deployer.executeTaskTask#
######org.cloudfoundry.multiapps.controller.persistence.services.ProcessLogger########flowable-async-job-executor-thread-23568###
[PollExecuteTaskStatusExecution] [incident-management-db-deployer] 15f57451-6af3-4284-9997-6c5bf0dc69b1 [2023-10-18T07:26:46.059384] 0 files are scheduled for undeploy based on explicit specification (STDOUT, APP/TASK/deploy)#

#2.0#2023 10 18 07:26:54.469#Z#DEBUG#com.sap.cloud.lm.sl.xs2.6e46cc4c-6d87-11ee-ac67-eeee0a9d577d.incident-management-db-deployer.executeTaskTask#
######org.cloudfoundry.multiapps.controller.persistence.services.ProcessLogger########flowable-async-job-executor-thread-23568###
[PollExecuteTaskStatusExecution] [incident-management-db-deployer] 15f57451-6af3-4284-9997-6c5bf0dc69b1 [2023-10-18T07:26:46.059447] Deploying to the container "27DF169AD7B741F3AAF1CB222C5D776C"... (STDOUT, APP/TASK/deploy)#

#2.0#2023 10 18 07:26:54.469#Z#DEBUG#com.sap.cloud.lm.sl.xs2.6e46cc4c-6d87-11ee-ac67-eeee0a9d577d.incident-management-db-deployer.executeTaskTask#
######org.cloudfoundry.multiapps.controller.persistence.services.ProcessLogger########flowable-async-job-executor-thread-23568###
[PollExecuteTaskStatusExecution] [incident-management-db-deployer] 15f57451-6af3-4284-9997-6c5bf0dc69b1 [2023-10-18T07:26:46.262954] Starting make in the container "27DF169AD7B741F3AAF1CB222C5D776C" with 0 files to deploy, 0 files to undeploy... (STDOUT, APP/TASK/deploy)#

#2.0#2023 10 18 07:26:54.470#Z#DEBUG#com.sap.cloud.lm.sl.xs2.6e46cc4c-6d87-11ee-ac67-eeee0a9d577d.incident-management-db-deployer.executeTaskTask#
######org.cloudfoundry.multiapps.controller.persistence.services.ProcessLogger########flowable-async-job-executor-thread-23568###
[PollExecuteTaskStatusExecution] [incident-management-db-deployer] 15f57451-6af3-4284-9997-6c5bf0dc69b1 [2023-10-18T07:26:46.262966] Disabling table replication for the container schema "27DF169AD7B741F3AAF1CB222C5D776C"... (STDOUT, APP/TASK/deploy)#

#2.0#2023 10 18 07:26:54.470#Z#DEBUG#com.sap.cloud.lm.sl.xs2.6e46cc4c-6d87-11ee-ac67-eeee0a9d577d.incident-management-db-deployer.executeTaskTask#
######org.cloudfoundry.multiapps.controller.persistence.services.ProcessLogger########flowable-async-job-executor-thread-23568###
[PollExecuteTaskStatusExecution] [incident-management-db-deployer] 15f57451-6af3-4284-9997-6c5bf0dc69b1 [2023-10-18T07:26:46.262969] Disabling table replication for the container schema "27DF169AD7B741F3AAF1CB222C5D776C"... ok (0s 7ms) (STDOUT, APP/TASK/deploy)#

#2.0#2023 10 18 07:26:54.470#Z#DEBUG#com.sap.cloud.lm.sl.xs2.6e46cc4c-6d87-11ee-ac67-eeee0a9d577d.incident-management-db-deployer.executeTaskTask#
######org.cloudfoundry.multiapps.controller.persistence.services.ProcessLogger########flowable-async-job-executor-thread-23568###
[PollExecuteTaskStatusExecution] [incident-management-db-deployer] 15f57451-6af3-4284-9997-6c5bf0dc69b1 [2023-10-18T07:26:46.262973] Migrating libraries... (STDOUT, APP/TASK/deploy)#

#2.0#2023 10 18 07:26:54.470#Z#DEBUG#com.sap.cloud.lm.sl.xs2.6e46cc4c-6d87-11ee-ac67-eeee0a9d577d.incident-management-db-deployer.executeTaskTask#
######org.cloudfoundry.multiapps.controller.persistence.services.ProcessLogger########flowable-async-job-executor-thread-23568###
[PollExecuteTaskStatusExecution] [incident-management-db-deployer] 15f57451-6af3-4284-9997-6c5bf0dc69b1 [2023-10-18T07:26:46.262976] Migrating libraries... ok (0s 6ms) (STDOUT, APP/TASK/deploy)#

#2.0#2023 10 18 07:26:54.470#Z#DEBUG#com.sap.cloud.lm.sl.xs2.6e46cc4c-6d87-11ee-ac67-eeee0a9d577d.incident-management-db-deployer.executeTaskTask#
######org.cloudfoundry.multiapps.controller.persistence.services.ProcessLogger########flowable-async-job-executor-thread-23568###
[PollExecuteTaskStatusExecution] [incident-management-db-deployer] 15f57451-6af3-4284-9997-6c5bf0dc69b1 [2023-10-18T07:26:46.262977] Making... (STDOUT, APP/TASK/deploy)#

#2.0#2023 10 18 07:26:54.470#Z#DEBUG#com.sap.cloud.lm.sl.xs2.6e46cc4c-6d87-11ee-ac67-eeee0a9d577d.incident-management-db-deployer.executeTaskTask#
######org.cloudfoundry.multiapps.controller.persistence.services.ProcessLogger########flowable-async-job-executor-thread-23568###
[PollExecuteTaskStatusExecution] [incident-management-db-deployer] 15f57451-6af3-4284-9997-6c5bf0dc69b1 [2023-10-18T07:26:46.262979] Preparing... (STDOUT, APP/TASK/deploy)#

#2.0#2023 10 18 07:26:54.470#Z#DEBUG#com.sap.cloud.lm.sl.xs2.6e46cc4c-6d87-11ee-ac67-eeee0a9d577d.incident-management-db-deployer.executeTaskTask#
######org.cloudfoundry.multiapps.controller.persistence.services.ProcessLogger########flowable-async-job-executor-thread-23568###
[PollExecuteTaskStatusExecution] [incident-management-db-deployer] 15f57451-6af3-4284-9997-6c5bf0dc69b1 [2023-10-18T07:26:46.262980] Preparing... ok (0s 0ms) (STDOUT, APP/TASK/deploy)#

#2.0#2023 10 18 07:26:54.470#Z#DEBUG#com.sap.cloud.lm.sl.xs2.6e46cc4c-6d87-11ee-ac67-eeee0a9d577d.incident-management-db-deployer.executeTaskTask#
######org.cloudfoundry.multiapps.controller.persistence.services.ProcessLogger########flowable-async-job-executor-thread-23568###
[PollExecuteTaskStatusExecution] [incident-management-db-deployer] 15f57451-6af3-4284-9997-6c5bf0dc69b1 [2023-10-18T07:26:46.262982] No make necessary (STDOUT, APP/TASK/deploy)#

#2.0#2023 10 18 07:26:54.470#Z#DEBUG#com.sap.cloud.lm.sl.xs2.6e46cc4c-6d87-11ee-ac67-eeee0a9d577d.incident-management-db-deployer.executeTaskTask#
######org.cloudfoundry.multiapps.controller.persistence.services.ProcessLogger########flowable-async-job-executor-thread-23568###
[PollExecuteTaskStatusExecution] [incident-management-db-deployer] 15f57451-6af3-4284-9997-6c5bf0dc69b1 [2023-10-18T07:26:46.262983] Making... ok (0s 20ms) (STDOUT, APP/TASK/deploy)#

#2.0#2023 10 18 07:26:54.470#Z#DEBUG#com.sap.cloud.lm.sl.xs2.6e46cc4c-6d87-11ee-ac67-eeee0a9d577d.incident-management-db-deployer.executeTaskTask#
######org.cloudfoundry.multiapps.controller.persistence.services.ProcessLogger########flowable-async-job-executor-thread-23568###
[PollExecuteTaskStatusExecution] [incident-management-db-deployer] 15f57451-6af3-4284-9997-6c5bf0dc69b1 [2023-10-18T07:26:46.262996] Enabling table replication for the container schema "27DF169AD7B741F3AAF1CB222C5D776C"... (STDOUT, APP/TASK/deploy)#

#2.0#2023 10 18 07:26:54.470#Z#DEBUG#com.sap.cloud.lm.sl.xs2.6e46cc4c-6d87-11ee-ac67-eeee0a9d577d.incident-management-db-deployer.executeTaskTask#
######org.cloudfoundry.multiapps.controller.persistence.services.ProcessLogger########flowable-async-job-executor-thread-23568###
[PollExecuteTaskStatusExecution] [incident-management-db-deployer] 15f57451-6af3-4284-9997-6c5bf0dc69b1 [2023-10-18T07:26:46.262997] Enabling table replication for the container schema "27DF169AD7B741F3AAF1CB222C5D776C"... ok (0s 7ms) (STDOUT, APP/TASK/deploy)#

#2.0#2023 10 18 07:26:54.470#Z#DEBUG#com.sap.cloud.lm.sl.xs2.6e46cc4c-6d87-11ee-ac67-eeee0a9d577d.incident-management-db-deployer.executeTaskTask#
######org.cloudfoundry.multiapps.controller.persistence.services.ProcessLogger########flowable-async-job-executor-thread-23568###
[PollExecuteTaskStatusExecution] [incident-management-db-deployer] 15f57451-6af3-4284-9997-6c5bf0dc69b1 [2023-10-18T07:26:46.263042] Starting make in the container "27DF169AD7B741F3AAF1CB222C5D776C" with 0 files to deploy, 0 files to undeploy... ok (0s 43ms) (STDOUT, APP/TASK/deploy)#

#2.0#2023 10 18 07:26:54.470#Z#DEBUG#com.sap.cloud.lm.sl.xs2.6e46cc4c-6d87-11ee-ac67-eeee0a9d577d.incident-management-db-deployer.executeTaskTask#
######org.cloudfoundry.multiapps.controller.persistence.services.ProcessLogger########flowable-async-job-executor-thread-23568###
[PollExecuteTaskStatusExecution] [incident-management-db-deployer] 15f57451-6af3-4284-9997-6c5bf0dc69b1 [2023-10-18T07:26:46.263233] Deploying to the container "27DF169AD7B741F3AAF1CB222C5D776C"... ok (0s 204ms) (STDOUT, APP/TASK/deploy)#

#2.0#2023 10 18 07:26:54.470#Z#DEBUG#com.sap.cloud.lm.sl.xs2.6e46cc4c-6d87-11ee-ac67-eeee0a9d577d.incident-management-db-deployer.executeTaskTask#
######org.cloudfoundry.multiapps.controller.persistence.services.ProcessLogger########flowable-async-job-executor-thread-23568###
[PollExecuteTaskStatusExecution] [incident-management-db-deployer] 15f57451-6af3-4284-9997-6c5bf0dc69b1 [2023-10-18T07:26:46.263529] No default-access-role handling needed; global role "27DF169AD7B741F3AAF1CB222C5D776C::access_role" will not be adapted (STDOUT, APP/TASK/deploy)#

#2.0#2023 10 18 07:26:54.470#Z#DEBUG#com.sap.cloud.lm.sl.xs2.6e46cc4c-6d87-11ee-ac67-eeee0a9d577d.incident-management-db-deployer.executeTaskTask#
######org.cloudfoundry.multiapps.controller.persistence.services.ProcessLogger########flowable-async-job-executor-thread-23568###
[PollExecuteTaskStatusExecution] [incident-management-db-deployer] 15f57451-6af3-4284-9997-6c5bf0dc69b1 [2023-10-18T07:26:46.263703] Unlocking the container "27DF169AD7B741F3AAF1CB222C5D776C"... (STDOUT, APP/TASK/deploy)#

#2.0#2023 10 18 07:26:54.470#Z#DEBUG#com.sap.cloud.lm.sl.xs2.6e46cc4c-6d87-11ee-ac67-eeee0a9d577d.incident-management-db-deployer.executeTaskTask#
######org.cloudfoundry.multiapps.controller.persistence.services.ProcessLogger########flowable-async-job-executor-thread-23568###
[PollExecuteTaskStatusExecution] [incident-management-db-deployer] 15f57451-6af3-4284-9997-6c5bf0dc69b1 [2023-10-18T07:26:46.264021] Unlocking the container "27DF169AD7B741F3AAF1CB222C5D776C"... ok (0s 0ms) (STDOUT, APP/TASK/deploy)#

#2.0#2023 10 18 07:26:54.470#Z#DEBUG#com.sap.cloud.lm.sl.xs2.6e46cc4c-6d87-11ee-ac67-eeee0a9d577d.incident-management-db-deployer.executeTaskTask#
######org.cloudfoundry.multiapps.controller.persistence.services.ProcessLogger########flowable-async-job-executor-thread-23568###
[PollExecuteTaskStatusExecution] [incident-management-db-deployer] 15f57451-6af3-4284-9997-6c5bf0dc69b1 [2023-10-18T07:26:46.264088] Deployment to container 27DF169AD7B741F3AAF1CB222C5D776C done [Deployment ID: none]. (STDOUT, APP/TASK/deploy)#

#2.0#2023 10 18 07:26:54.470#Z#DEBUG#com.sap.cloud.lm.sl.xs2.6e46cc4c-6d87-11ee-ac67-eeee0a9d577d.incident-management-db-deployer.executeTaskTask#
######org.cloudfoundry.multiapps.controller.persistence.services.ProcessLogger########flowable-async-job-executor-thread-23568###
[PollExecuteTaskStatusExecution] [incident-management-db-deployer] 15f57451-6af3-4284-9997-6c5bf0dc69b1 [2023-10-18T07:26:46.264558] Deployment ended at 2023-10-18 07:26:46 (STDOUT, APP/TASK/deploy)#

#2.0#2023 10 18 07:26:54.470#Z#DEBUG#com.sap.cloud.lm.sl.xs2.6e46cc4c-6d87-11ee-ac67-eeee0a9d577d.incident-management-db-deployer.executeTaskTask#
######org.cloudfoundry.multiapps.controller.persistence.services.ProcessLogger########flowable-async-job-executor-thread-23568###
[PollExecuteTaskStatusExecution] [incident-management-db-deployer] 15f57451-6af3-4284-9997-6c5bf0dc69b1 [2023-10-18T07:26:46.264744] (3s 695ms) (STDOUT, APP/TASK/deploy)#

#2.0#2023 10 18 07:26:54.470#Z#DEBUG#com.sap.cloud.lm.sl.xs2.6e46cc4c-6d87-11ee-ac67-eeee0a9d577d.incident-management-db-deployer.executeTaskTask#
######org.cloudfoundry.multiapps.controller.persistence.services.ProcessLogger########flowable-async-job-executor-thread-23568###
[PollExecuteTaskStatusExecution] [incident-management-db-deployer] 15f57451-6af3-4284-9997-6c5bf0dc69b1 [2023-10-18T07:26:46.296759] npm notice (STDERR, APP/TASK/deploy)#

#2.0#2023 10 18 07:26:54.470#Z#DEBUG#com.sap.cloud.lm.sl.xs2.6e46cc4c-6d87-11ee-ac67-eeee0a9d577d.incident-management-db-deployer.executeTaskTask#
######org.cloudfoundry.multiapps.controller.persistence.services.ProcessLogger########flowable-async-job-executor-thread-23568###
[PollExecuteTaskStatusExecution] [incident-management-db-deployer] 15f57451-6af3-4284-9997-6c5bf0dc69b1 [2023-10-18T07:26:46.297049] npm notice New major version of npm available! 9.6.7 -> 10.2.0 (STDERR, APP/TASK/deploy)#

#2.0#2023 10 18 07:26:54.470#Z#DEBUG#com.sap.cloud.lm.sl.xs2.6e46cc4c-6d87-11ee-ac67-eeee0a9d577d.incident-management-db-deployer.executeTaskTask#
######org.cloudfoundry.multiapps.controller.persistence.services.ProcessLogger########flowable-async-job-executor-thread-23568###
[PollExecuteTaskStatusExecution] [incident-management-db-deployer] 15f57451-6af3-4284-9997-6c5bf0dc69b1 [2023-10-18T07:26:46.297107] npm notice Changelog: <https://github.com/npm/cli/releases/tag/v10.2.0> (STDERR, APP/TASK/deploy)#

#2.0#2023 10 18 07:26:54.470#Z#DEBUG#com.sap.cloud.lm.sl.xs2.6e46cc4c-6d87-11ee-ac67-eeee0a9d577d.incident-management-db-deployer.executeTaskTask#
######org.cloudfoundry.multiapps.controller.persistence.services.ProcessLogger########flowable-async-job-executor-thread-23568###
[PollExecuteTaskStatusExecution] [incident-management-db-deployer] 15f57451-6af3-4284-9997-6c5bf0dc69b1 [2023-10-18T07:26:46.297260] npm notice Run `npm install -g npm@10.2.0` to update! (STDERR, APP/TASK/deploy)#

#2.0#2023 10 18 07:26:54.470#Z#DEBUG#com.sap.cloud.lm.sl.xs2.6e46cc4c-6d87-11ee-ac67-eeee0a9d577d.incident-management-db-deployer.executeTaskTask#
######org.cloudfoundry.multiapps.controller.persistence.services.ProcessLogger########flowable-async-job-executor-thread-23568###
[PollExecuteTaskStatusExecution] [incident-management-db-deployer] 15f57451-6af3-4284-9997-6c5bf0dc69b1 [2023-10-18T07:26:46.297283] npm notice (STDERR, APP/TASK/deploy)#

#2.0#2023 10 18 07:26:54.470#Z#DEBUG#com.sap.cloud.lm.sl.xs2.6e46cc4c-6d87-11ee-ac67-eeee0a9d577d.incident-management-db-deployer.executeTaskTask#
######org.cloudfoundry.multiapps.controller.persistence.services.ProcessLogger########flowable-async-job-executor-thread-23568###
[PollExecuteTaskStatusExecution] [incident-management-db-deployer] 15f57451-6af3-4284-9997-6c5bf0dc69b1 [2023-10-18T07:26:46.306184] Exit status 0 (STDOUT, APP/TASK/deploy)#

#2.0#2023 10 18 07:26:54.470#Z#DEBUG#com.sap.cloud.lm.sl.xs2.6e46cc4c-6d87-11ee-ac67-eeee0a9d577d.incident-management-db-deployer.executeTaskTask#
######org.cloudfoundry.multiapps.controller.persistence.services.ProcessLogger########flowable-async-job-executor-thread-23568###
[PollExecuteTaskStatusExecution] [incident-management-db-deployer] 15f57451-6af3-4284-9997-6c5bf0dc69b1 [2023-10-18T07:26:46.550081] Cell 6ed61087-9411-4294-b4e3-75509108329a stopping instance ac6f8089-38b6-42d5-a7c4-43cadcbb1802 (STDOUT, CELL)#

#2.0#2023 10 18 07:26:54.470#Z#DEBUG#com.sap.cloud.lm.sl.xs2.6e46cc4c-6d87-11ee-ac67-eeee0a9d577d.incident-management-db-deployer.executeTaskTask#
######org.cloudfoundry.multiapps.controller.persistence.services.ProcessLogger########flowable-async-job-executor-thread-23568###
[PollExecuteTaskStatusExecution] [incident-management-db-deployer] 15f57451-6af3-4284-9997-6c5bf0dc69b1 [2023-10-18T07:26:46.550133] Cell 6ed61087-9411-4294-b4e3-75509108329a destroying container for instance ac6f8089-38b6-42d5-a7c4-43cadcbb1802 (STDOUT, CELL)#

#2.0#2023 10 18 07:26:54.470#Z#DEBUG#com.sap.cloud.lm.sl.xs2.6e46cc4c-6d87-11ee-ac67-eeee0a9d577d.incident-management-db-deployer.executeTaskTask#
######org.cloudfoundry.multiapps.controller.persistence.services.ProcessLogger########flowable-async-job-executor-thread-23568###
[PollExecuteTaskStatusExecution] [incident-management-db-deployer] 15f57451-6af3-4284-9997-6c5bf0dc69b1 [2023-10-18T07:26:48.247128] Cell 6ed61087-9411-4294-b4e3-75509108329a successfully destroyed container for instance ac6f8089-38b6-42d5-a7c4-43cadcbb1802 (STDOUT, CELL)#

