#2.0#2023 10 18 07:26:14.324#Z#DEBUG#com.sap.cloud.lm.sl.xs2.6e46cc4c-6d87-11ee-ac67-eeee0a9d577d.incident-management-srv.stageAppTask#
######org.cloudfoundry.multiapps.controller.persistence.services.ProcessLogger########flowable-async-job-executor-thread-23359###
[PollStageAppStatusExecution] [incident-management-srv] f4c4fa71-6445-4e01-915f-f476d6315482 [2023-10-18T07:25:57.297948] Uploading app package for app with guid f4c4fa71-6445-4e01-915f-f476d6315482 (STDOUT, API)#

#2.0#2023 10 18 07:26:14.324#Z#DEBUG#com.sap.cloud.lm.sl.xs2.6e46cc4c-6d87-11ee-ac67-eeee0a9d577d.incident-management-srv.stageAppTask#
######org.cloudfoundry.multiapps.controller.persistence.services.ProcessLogger########flowable-async-job-executor-thread-23359###
[PollStageAppStatusExecution] [incident-management-srv] f4c4fa71-6445-4e01-915f-f476d6315482 [2023-10-18T07:25:57.698614] Updated app with guid f4c4fa71-6445-4e01-915f-f476d6315482 ({"environment_variables"=>"[PRIVATE DATA HIDDEN]"}) (STDOUT, API)#

#2.0#2023 10 18 07:26:14.324#Z#DEBUG#com.sap.cloud.lm.sl.xs2.6e46cc4c-6d87-11ee-ac67-eeee0a9d577d.incident-management-srv.stageAppTask#
######org.cloudfoundry.multiapps.controller.persistence.services.ProcessLogger########flowable-async-job-executor-thread-23359###
[PollStageAppStatusExecution] [incident-management-srv] f4c4fa71-6445-4e01-915f-f476d6315482 [2023-10-18T07:26:04.567336] Stopping app with guid f4c4fa71-6445-4e01-915f-f476d6315482 (STDOUT, API)#

#2.0#2023 10 18 07:26:14.324#Z#DEBUG#com.sap.cloud.lm.sl.xs2.6e46cc4c-6d87-11ee-ac67-eeee0a9d577d.incident-management-srv.stageAppTask#
######org.cloudfoundry.multiapps.controller.persistence.services.ProcessLogger########flowable-async-job-executor-thread-23359###
[PollStageAppStatusExecution] [incident-management-srv] f4c4fa71-6445-4e01-915f-f476d6315482 [2023-10-18T07:26:04.602114] Cell fb66cee7-c131-4147-a4bb-2372ee18a66a stopping instance fb2cee85-91e8-4ce6-5812-a2d6 (STDOUT, CELL)#

#2.0#2023 10 18 07:26:14.324#Z#DEBUG#com.sap.cloud.lm.sl.xs2.6e46cc4c-6d87-11ee-ac67-eeee0a9d577d.incident-management-srv.stageAppTask#
######org.cloudfoundry.multiapps.controller.persistence.services.ProcessLogger########flowable-async-job-executor-thread-23359###
[PollStageAppStatusExecution] [incident-management-srv] f4c4fa71-6445-4e01-915f-f476d6315482 [2023-10-18T07:26:04.765571] Creating build for app with guid f4c4fa71-6445-4e01-915f-f476d6315482 (STDOUT, API)#

#2.0#2023 10 18 07:26:14.324#Z#DEBUG#com.sap.cloud.lm.sl.xs2.6e46cc4c-6d87-11ee-ac67-eeee0a9d577d.incident-management-srv.stageAppTask#
######org.cloudfoundry.multiapps.controller.persistence.services.ProcessLogger########flowable-async-job-executor-thread-23359###
[PollStageAppStatusExecution] [incident-management-srv] f4c4fa71-6445-4e01-915f-f476d6315482 [2023-10-18T07:26:05.156226] Downloading nodejs_buildpack... (STDOUT, STG)#

#2.0#2023 10 18 07:26:14.324#Z#DEBUG#com.sap.cloud.lm.sl.xs2.6e46cc4c-6d87-11ee-ac67-eeee0a9d577d.incident-management-srv.stageAppTask#
######org.cloudfoundry.multiapps.controller.persistence.services.ProcessLogger########flowable-async-job-executor-thread-23359###
[PollStageAppStatusExecution] [incident-management-srv] f4c4fa71-6445-4e01-915f-f476d6315482 [2023-10-18T07:26:05.196304] Downloaded nodejs_buildpack (STDOUT, STG)#

#2.0#2023 10 18 07:26:14.324#Z#DEBUG#com.sap.cloud.lm.sl.xs2.6e46cc4c-6d87-11ee-ac67-eeee0a9d577d.incident-management-srv.stageAppTask#
######org.cloudfoundry.multiapps.controller.persistence.services.ProcessLogger########flowable-async-job-executor-thread-23359###
[PollStageAppStatusExecution] [incident-management-srv] f4c4fa71-6445-4e01-915f-f476d6315482 [2023-10-18T07:26:05.196371] Cell 7b8b35bc-9859-4a8a-86aa-886d9bd3a3ab creating container for instance 71415071-aadb-4a6f-a1c6-c1a189eafc9b (STDOUT, STG)#

#2.0#2023 10 18 07:26:14.324#Z#DEBUG#com.sap.cloud.lm.sl.xs2.6e46cc4c-6d87-11ee-ac67-eeee0a9d577d.incident-management-srv.stageAppTask#
######org.cloudfoundry.multiapps.controller.persistence.services.ProcessLogger########flowable-async-job-executor-thread-23359###
[PollStageAppStatusExecution] [incident-management-srv] f4c4fa71-6445-4e01-915f-f476d6315482 [2023-10-18T07:26:05.922606] Security group rules were updated (STDOUT, STG)#

#2.0#2023 10 18 07:26:14.324#Z#DEBUG#com.sap.cloud.lm.sl.xs2.6e46cc4c-6d87-11ee-ac67-eeee0a9d577d.incident-management-srv.stageAppTask#
######org.cloudfoundry.multiapps.controller.persistence.services.ProcessLogger########flowable-async-job-executor-thread-23359###
[PollStageAppStatusExecution] [incident-management-srv] f4c4fa71-6445-4e01-915f-f476d6315482 [2023-10-18T07:26:05.935473] Cell 7b8b35bc-9859-4a8a-86aa-886d9bd3a3ab successfully created container for instance 71415071-aadb-4a6f-a1c6-c1a189eafc9b (STDOUT, STG)#

#2.0#2023 10 18 07:26:14.324#Z#DEBUG#com.sap.cloud.lm.sl.xs2.6e46cc4c-6d87-11ee-ac67-eeee0a9d577d.incident-management-srv.stageAppTask#
######org.cloudfoundry.multiapps.controller.persistence.services.ProcessLogger########flowable-async-job-executor-thread-23359###
[PollStageAppStatusExecution] [incident-management-srv] f4c4fa71-6445-4e01-915f-f476d6315482 [2023-10-18T07:26:06.175336] Downloading app package... (STDOUT, STG)#

#2.0#2023 10 18 07:26:14.324#Z#DEBUG#com.sap.cloud.lm.sl.xs2.6e46cc4c-6d87-11ee-ac67-eeee0a9d577d.incident-management-srv.stageAppTask#
######org.cloudfoundry.multiapps.controller.persistence.services.ProcessLogger########flowable-async-job-executor-thread-23359###
[PollStageAppStatusExecution] [incident-management-srv] f4c4fa71-6445-4e01-915f-f476d6315482 [2023-10-18T07:26:06.175388] Downloading build artifacts cache... (STDOUT, STG)#

#2.0#2023 10 18 07:26:14.324#Z#DEBUG#com.sap.cloud.lm.sl.xs2.6e46cc4c-6d87-11ee-ac67-eeee0a9d577d.incident-management-srv.stageAppTask#
######org.cloudfoundry.multiapps.controller.persistence.services.ProcessLogger########flowable-async-job-executor-thread-23359###
[PollStageAppStatusExecution] [incident-management-srv] f4c4fa71-6445-4e01-915f-f476d6315482 [2023-10-18T07:26:06.291294] Downloaded build artifacts cache (224B) (STDOUT, STG)#

#2.0#2023 10 18 07:26:14.324#Z#DEBUG#com.sap.cloud.lm.sl.xs2.6e46cc4c-6d87-11ee-ac67-eeee0a9d577d.incident-management-srv.stageAppTask#
######org.cloudfoundry.multiapps.controller.persistence.services.ProcessLogger########flowable-async-job-executor-thread-23359###
[PollStageAppStatusExecution] [incident-management-srv] f4c4fa71-6445-4e01-915f-f476d6315482 [2023-10-18T07:26:06.511329] Downloaded app package (4.2M) (STDOUT, STG)#

#2.0#2023 10 18 07:26:14.324#Z#DEBUG#com.sap.cloud.lm.sl.xs2.6e46cc4c-6d87-11ee-ac67-eeee0a9d577d.incident-management-srv.stageAppTask#
######org.cloudfoundry.multiapps.controller.persistence.services.ProcessLogger########flowable-async-job-executor-thread-23359###
[PollStageAppStatusExecution] [incident-management-srv] f4c4fa71-6445-4e01-915f-f476d6315482 [2023-10-18T07:26:06.645169] -----> Nodejs Buildpack version 1.8.15 (STDOUT, STG)#

#2.0#2023 10 18 07:26:14.324#Z#DEBUG#com.sap.cloud.lm.sl.xs2.6e46cc4c-6d87-11ee-ac67-eeee0a9d577d.incident-management-srv.stageAppTask#
######org.cloudfoundry.multiapps.controller.persistence.services.ProcessLogger########flowable-async-job-executor-thread-23359###
[PollStageAppStatusExecution] [incident-management-srv] f4c4fa71-6445-4e01-915f-f476d6315482 [2023-10-18T07:26:06.748762] -----> Bootstrapping python (STDOUT, STG)#

#2.0#2023 10 18 07:26:14.324#Z#DEBUG#com.sap.cloud.lm.sl.xs2.6e46cc4c-6d87-11ee-ac67-eeee0a9d577d.incident-management-srv.stageAppTask#
######org.cloudfoundry.multiapps.controller.persistence.services.ProcessLogger########flowable-async-job-executor-thread-23359###
[PollStageAppStatusExecution] [incident-management-srv] f4c4fa71-6445-4e01-915f-f476d6315482 [2023-10-18T07:26:06.748786] -----> Installing python 3.11.5 (STDOUT, STG)#

#2.0#2023 10 18 07:26:14.324#Z#DEBUG#com.sap.cloud.lm.sl.xs2.6e46cc4c-6d87-11ee-ac67-eeee0a9d577d.incident-management-srv.stageAppTask#
######org.cloudfoundry.multiapps.controller.persistence.services.ProcessLogger########flowable-async-job-executor-thread-23359###
[PollStageAppStatusExecution] [incident-management-srv] f4c4fa71-6445-4e01-915f-f476d6315482 [2023-10-18T07:26:06.748805] Copy [/tmp/buildpacks/8555c4e4187ffc921c21ab6bc62c4972/dependencies/5da3d10dcc81e3afeb283317b851f36c/python_3.11.5_linux_x64_cflinuxfs4_b4517479.tgz] (STDOUT, STG)#

#2.0#2023 10 18 07:26:14.324#Z#DEBUG#com.sap.cloud.lm.sl.xs2.6e46cc4c-6d87-11ee-ac67-eeee0a9d577d.incident-management-srv.stageAppTask#
######org.cloudfoundry.multiapps.controller.persistence.services.ProcessLogger########flowable-async-job-executor-thread-23359###
[PollStageAppStatusExecution] [incident-management-srv] f4c4fa71-6445-4e01-915f-f476d6315482 [2023-10-18T07:26:09.299177] -----> Installing binaries (STDOUT, STG)#

#2.0#2023 10 18 07:26:14.324#Z#DEBUG#com.sap.cloud.lm.sl.xs2.6e46cc4c-6d87-11ee-ac67-eeee0a9d577d.incident-management-srv.stageAppTask#
######org.cloudfoundry.multiapps.controller.persistence.services.ProcessLogger########flowable-async-job-executor-thread-23359###
[PollStageAppStatusExecution] [incident-management-srv] f4c4fa71-6445-4e01-915f-f476d6315482 [2023-10-18T07:26:09.299235] engines.node (package.json): unspecified (STDOUT, STG)#

#2.0#2023 10 18 07:26:14.324#Z#DEBUG#com.sap.cloud.lm.sl.xs2.6e46cc4c-6d87-11ee-ac67-eeee0a9d577d.incident-management-srv.stageAppTask#
######org.cloudfoundry.multiapps.controller.persistence.services.ProcessLogger########flowable-async-job-executor-thread-23359###
[PollStageAppStatusExecution] [incident-management-srv] f4c4fa71-6445-4e01-915f-f476d6315482 [2023-10-18T07:26:09.299244] engines.npm (package.json): unspecified (use default) (STDOUT, STG)#

#2.0#2023 10 18 07:26:14.325#Z#DEBUG#com.sap.cloud.lm.sl.xs2.6e46cc4c-6d87-11ee-ac67-eeee0a9d577d.incident-management-srv.stageAppTask#
######org.cloudfoundry.multiapps.controller.persistence.services.ProcessLogger########flowable-async-job-executor-thread-23359###
[PollStageAppStatusExecution] [incident-management-srv] f4c4fa71-6445-4e01-915f-f476d6315482 [2023-10-18T07:26:09.299256] [31;1m**WARNING**[0m Node version not specified in package.json or .nvmrc. See: http://docs.cloudfoundry.org/buildpacks/node/node-tips.html (STDOUT, STG)#

#2.0#2023 10 18 07:26:14.325#Z#DEBUG#com.sap.cloud.lm.sl.xs2.6e46cc4c-6d87-11ee-ac67-eeee0a9d577d.incident-management-srv.stageAppTask#
######org.cloudfoundry.multiapps.controller.persistence.services.ProcessLogger########flowable-async-job-executor-thread-23359###
[PollStageAppStatusExecution] [incident-management-srv] f4c4fa71-6445-4e01-915f-f476d6315482 [2023-10-18T07:26:09.299321] -----> Installing node 18.17.1 (STDOUT, STG)#

#2.0#2023 10 18 07:26:14.325#Z#DEBUG#com.sap.cloud.lm.sl.xs2.6e46cc4c-6d87-11ee-ac67-eeee0a9d577d.incident-management-srv.stageAppTask#
######org.cloudfoundry.multiapps.controller.persistence.services.ProcessLogger########flowable-async-job-executor-thread-23359###
[PollStageAppStatusExecution] [incident-management-srv] f4c4fa71-6445-4e01-915f-f476d6315482 [2023-10-18T07:26:09.299371] Copy [/tmp/buildpacks/8555c4e4187ffc921c21ab6bc62c4972/dependencies/c2df8985dc8a3622f36892072d37dc62/node_18.17.1_linux_x64_cflinuxfs4_ed0bbc52.tgz] (STDOUT, STG)#

#2.0#2023 10 18 07:26:14.325#Z#DEBUG#com.sap.cloud.lm.sl.xs2.6e46cc4c-6d87-11ee-ac67-eeee0a9d577d.incident-management-srv.stageAppTask#
######org.cloudfoundry.multiapps.controller.persistence.services.ProcessLogger########flowable-async-job-executor-thread-23359###
[PollStageAppStatusExecution] [incident-management-srv] f4c4fa71-6445-4e01-915f-f476d6315482 [2023-10-18T07:26:10.717623] Using default npm version: 9.6.7 (STDOUT, STG)#

#2.0#2023 10 18 07:26:14.325#Z#DEBUG#com.sap.cloud.lm.sl.xs2.6e46cc4c-6d87-11ee-ac67-eeee0a9d577d.incident-management-srv.stageAppTask#
######org.cloudfoundry.multiapps.controller.persistence.services.ProcessLogger########flowable-async-job-executor-thread-23359###
[PollStageAppStatusExecution] [incident-management-srv] f4c4fa71-6445-4e01-915f-f476d6315482 [2023-10-18T07:26:10.717648] -----> Installing yarn 1.22.19 (STDOUT, STG)#

#2.0#2023 10 18 07:26:14.325#Z#DEBUG#com.sap.cloud.lm.sl.xs2.6e46cc4c-6d87-11ee-ac67-eeee0a9d577d.incident-management-srv.stageAppTask#
######org.cloudfoundry.multiapps.controller.persistence.services.ProcessLogger########flowable-async-job-executor-thread-23359###
[PollStageAppStatusExecution] [incident-management-srv] f4c4fa71-6445-4e01-915f-f476d6315482 [2023-10-18T07:26:10.717803] Copy [/tmp/buildpacks/8555c4e4187ffc921c21ab6bc62c4972/dependencies/0f06052381cbcef1593bd279ca3d9458/yarn_1.22.19_linux_noarch_any-stack_32d0e82e.tgz] (STDOUT, STG)#

#2.0#2023 10 18 07:26:14.325#Z#DEBUG#com.sap.cloud.lm.sl.xs2.6e46cc4c-6d87-11ee-ac67-eeee0a9d577d.incident-management-srv.stageAppTask#
######org.cloudfoundry.multiapps.controller.persistence.services.ProcessLogger########flowable-async-job-executor-thread-23359###
[PollStageAppStatusExecution] [incident-management-srv] f4c4fa71-6445-4e01-915f-f476d6315482 [2023-10-18T07:26:10.944051] Installed yarn 1.22.19 (STDOUT, STG)#

#2.0#2023 10 18 07:26:14.325#Z#DEBUG#com.sap.cloud.lm.sl.xs2.6e46cc4c-6d87-11ee-ac67-eeee0a9d577d.incident-management-srv.stageAppTask#
######org.cloudfoundry.multiapps.controller.persistence.services.ProcessLogger########flowable-async-job-executor-thread-23359###
[PollStageAppStatusExecution] [incident-management-srv] f4c4fa71-6445-4e01-915f-f476d6315482 [2023-10-18T07:26:10.944067] -----> Creating runtime environment (STDOUT, STG)#

#2.0#2023 10 18 07:26:14.325#Z#DEBUG#com.sap.cloud.lm.sl.xs2.6e46cc4c-6d87-11ee-ac67-eeee0a9d577d.incident-management-srv.stageAppTask#
######org.cloudfoundry.multiapps.controller.persistence.services.ProcessLogger########flowable-async-job-executor-thread-23359###
[PollStageAppStatusExecution] [incident-management-srv] f4c4fa71-6445-4e01-915f-f476d6315482 [2023-10-18T07:26:10.945221] NODE_ENV=production (STDOUT, STG)#

#2.0#2023 10 18 07:26:14.325#Z#DEBUG#com.sap.cloud.lm.sl.xs2.6e46cc4c-6d87-11ee-ac67-eeee0a9d577d.incident-management-srv.stageAppTask#
######org.cloudfoundry.multiapps.controller.persistence.services.ProcessLogger########flowable-async-job-executor-thread-23359###
[PollStageAppStatusExecution] [incident-management-srv] f4c4fa71-6445-4e01-915f-f476d6315482 [2023-10-18T07:26:10.945229] NODE_HOME=/tmp/contents3210969697/deps/0/node (STDOUT, STG)#

#2.0#2023 10 18 07:26:14.325#Z#DEBUG#com.sap.cloud.lm.sl.xs2.6e46cc4c-6d87-11ee-ac67-eeee0a9d577d.incident-management-srv.stageAppTask#
######org.cloudfoundry.multiapps.controller.persistence.services.ProcessLogger########flowable-async-job-executor-thread-23359###
[PollStageAppStatusExecution] [incident-management-srv] f4c4fa71-6445-4e01-915f-f476d6315482 [2023-10-18T07:26:10.945233] NODE_MODULES_CACHE=true (STDOUT, STG)#

#2.0#2023 10 18 07:26:14.325#Z#DEBUG#com.sap.cloud.lm.sl.xs2.6e46cc4c-6d87-11ee-ac67-eeee0a9d577d.incident-management-srv.stageAppTask#
######org.cloudfoundry.multiapps.controller.persistence.services.ProcessLogger########flowable-async-job-executor-thread-23359###
[PollStageAppStatusExecution] [incident-management-srv] f4c4fa71-6445-4e01-915f-f476d6315482 [2023-10-18T07:26:10.945235] NODE_VERBOSE=false (STDOUT, STG)#

#2.0#2023 10 18 07:26:14.325#Z#DEBUG#com.sap.cloud.lm.sl.xs2.6e46cc4c-6d87-11ee-ac67-eeee0a9d577d.incident-management-srv.stageAppTask#
######org.cloudfoundry.multiapps.controller.persistence.services.ProcessLogger########flowable-async-job-executor-thread-23359###
[PollStageAppStatusExecution] [incident-management-srv] f4c4fa71-6445-4e01-915f-f476d6315482 [2023-10-18T07:26:10.945237] NPM_CONFIG_LOGLEVEL=error (STDOUT, STG)#

#2.0#2023 10 18 07:26:14.325#Z#DEBUG#com.sap.cloud.lm.sl.xs2.6e46cc4c-6d87-11ee-ac67-eeee0a9d577d.incident-management-srv.stageAppTask#
######org.cloudfoundry.multiapps.controller.persistence.services.ProcessLogger########flowable-async-job-executor-thread-23359###
[PollStageAppStatusExecution] [incident-management-srv] f4c4fa71-6445-4e01-915f-f476d6315482 [2023-10-18T07:26:10.945238] NPM_CONFIG_PRODUCTION=true (STDOUT, STG)#

#2.0#2023 10 18 07:26:14.325#Z#DEBUG#com.sap.cloud.lm.sl.xs2.6e46cc4c-6d87-11ee-ac67-eeee0a9d577d.incident-management-srv.stageAppTask#
######org.cloudfoundry.multiapps.controller.persistence.services.ProcessLogger########flowable-async-job-executor-thread-23359###
[PollStageAppStatusExecution] [incident-management-srv] f4c4fa71-6445-4e01-915f-f476d6315482 [2023-10-18T07:26:10.945248] -----> Building dependencies (STDOUT, STG)#

#2.0#2023 10 18 07:26:14.325#Z#DEBUG#com.sap.cloud.lm.sl.xs2.6e46cc4c-6d87-11ee-ac67-eeee0a9d577d.incident-management-srv.stageAppTask#
######org.cloudfoundry.multiapps.controller.persistence.services.ProcessLogger########flowable-async-job-executor-thread-23359###
[PollStageAppStatusExecution] [incident-management-srv] f4c4fa71-6445-4e01-915f-f476d6315482 [2023-10-18T07:26:10.945250] Prebuild detected (node_modules already exists) (STDOUT, STG)#

#2.0#2023 10 18 07:26:14.325#Z#DEBUG#com.sap.cloud.lm.sl.xs2.6e46cc4c-6d87-11ee-ac67-eeee0a9d577d.incident-management-srv.stageAppTask#
######org.cloudfoundry.multiapps.controller.persistence.services.ProcessLogger########flowable-async-job-executor-thread-23359###
[PollStageAppStatusExecution] [incident-management-srv] f4c4fa71-6445-4e01-915f-f476d6315482 [2023-10-18T07:26:10.945287] Rebuilding any native modules (STDOUT, STG)#

#2.0#2023 10 18 07:26:14.325#Z#DEBUG#com.sap.cloud.lm.sl.xs2.6e46cc4c-6d87-11ee-ac67-eeee0a9d577d.incident-management-srv.stageAppTask#
######org.cloudfoundry.multiapps.controller.persistence.services.ProcessLogger########flowable-async-job-executor-thread-23359###
[PollStageAppStatusExecution] [incident-management-srv] f4c4fa71-6445-4e01-915f-f476d6315482 [2023-10-18T07:26:11.424048] rebuilt dependencies successfully (STDOUT, STG)#

#2.0#2023 10 18 07:26:14.325#Z#DEBUG#com.sap.cloud.lm.sl.xs2.6e46cc4c-6d87-11ee-ac67-eeee0a9d577d.incident-management-srv.stageAppTask#
######org.cloudfoundry.multiapps.controller.persistence.services.ProcessLogger########flowable-async-job-executor-thread-23359###
[PollStageAppStatusExecution] [incident-management-srv] f4c4fa71-6445-4e01-915f-f476d6315482 [2023-10-18T07:26:11.431909] Installing any new modules (package.json + package-lock.json) (STDOUT, STG)#

#2.0#2023 10 18 07:26:14.325#Z#DEBUG#com.sap.cloud.lm.sl.xs2.6e46cc4c-6d87-11ee-ac67-eeee0a9d577d.incident-management-srv.stageAppTask#
######org.cloudfoundry.multiapps.controller.persistence.services.ProcessLogger########flowable-async-job-executor-thread-23359###
[PollStageAppStatusExecution] [incident-management-srv] f4c4fa71-6445-4e01-915f-f476d6315482 [2023-10-18T07:26:12.355833] up to date in 752ms (STDOUT, STG)#

#2.0#2023 10 18 07:26:14.325#Z#DEBUG#com.sap.cloud.lm.sl.xs2.6e46cc4c-6d87-11ee-ac67-eeee0a9d577d.incident-management-srv.stageAppTask#
######org.cloudfoundry.multiapps.controller.persistence.services.ProcessLogger########flowable-async-job-executor-thread-23359###
[PollStageAppStatusExecution] [incident-management-srv] f4c4fa71-6445-4e01-915f-f476d6315482 [2023-10-18T07:26:12.355904] 13 packages are looking for funding (STDOUT, STG)#

#2.0#2023 10 18 07:26:14.325#Z#DEBUG#com.sap.cloud.lm.sl.xs2.6e46cc4c-6d87-11ee-ac67-eeee0a9d577d.incident-management-srv.stageAppTask#
######org.cloudfoundry.multiapps.controller.persistence.services.ProcessLogger########flowable-async-job-executor-thread-23359###
[PollStageAppStatusExecution] [incident-management-srv] f4c4fa71-6445-4e01-915f-f476d6315482 [2023-10-18T07:26:12.355916] run `npm fund` for details (STDOUT, STG)#

#2.0#2023 10 18 07:26:14.325#Z#DEBUG#com.sap.cloud.lm.sl.xs2.6e46cc4c-6d87-11ee-ac67-eeee0a9d577d.incident-management-srv.stageAppTask#
######org.cloudfoundry.multiapps.controller.persistence.services.ProcessLogger########flowable-async-job-executor-thread-23359###
[PollStageAppStatusExecution] [incident-management-srv] f4c4fa71-6445-4e01-915f-f476d6315482 [2023-10-18T07:26:12.906848] Contrast Security no credentials found. Will not write environment files. (STDOUT, STG)#

#2.0#2023 10 18 07:26:14.325#Z#DEBUG#com.sap.cloud.lm.sl.xs2.6e46cc4c-6d87-11ee-ac67-eeee0a9d577d.incident-management-srv.stageAppTask#
######org.cloudfoundry.multiapps.controller.persistence.services.ProcessLogger########flowable-async-job-executor-thread-23359###
[PollStageAppStatusExecution] [incident-management-srv] f4c4fa71-6445-4e01-915f-f476d6315482 [2023-10-18T07:26:12.906869] inside Sealights hook (STDOUT, STG)#

#2.0#2023 10 18 07:26:14.325#Z#DEBUG#com.sap.cloud.lm.sl.xs2.6e46cc4c-6d87-11ee-ac67-eeee0a9d577d.incident-management-srv.stageAppTask#
######org.cloudfoundry.multiapps.controller.persistence.services.ProcessLogger########flowable-async-job-executor-thread-23359###
[PollStageAppStatusExecution] [incident-management-srv] f4c4fa71-6445-4e01-915f-f476d6315482 [2023-10-18T07:26:12.906881] service is not configured to run with Sealights (STDOUT, STG)#

#2.0#2023 10 18 07:26:24.363#Z#DEBUG#com.sap.cloud.lm.sl.xs2.6e46cc4c-6d87-11ee-ac67-eeee0a9d577d.incident-management-srv.stageAppTask#
######org.cloudfoundry.multiapps.controller.persistence.services.ProcessLogger########flowable-async-job-executor-thread-23394###
[PollStageAppStatusExecution] [incident-management-srv] f4c4fa71-6445-4e01-915f-f476d6315482 [2023-10-18T07:26:19.008903] Exit status 0 (STDOUT, STG)#

#2.0#2023 10 18 07:26:24.363#Z#DEBUG#com.sap.cloud.lm.sl.xs2.6e46cc4c-6d87-11ee-ac67-eeee0a9d577d.incident-management-srv.stageAppTask#
######org.cloudfoundry.multiapps.controller.persistence.services.ProcessLogger########flowable-async-job-executor-thread-23394###
[PollStageAppStatusExecution] [incident-management-srv] f4c4fa71-6445-4e01-915f-f476d6315482 [2023-10-18T07:26:19.008935] Uploading droplet, build artifacts cache... (STDOUT, STG)#

#2.0#2023 10 18 07:26:24.363#Z#DEBUG#com.sap.cloud.lm.sl.xs2.6e46cc4c-6d87-11ee-ac67-eeee0a9d577d.incident-management-srv.stageAppTask#
######org.cloudfoundry.multiapps.controller.persistence.services.ProcessLogger########flowable-async-job-executor-thread-23394###
[PollStageAppStatusExecution] [incident-management-srv] f4c4fa71-6445-4e01-915f-f476d6315482 [2023-10-18T07:26:19.008965] Uploading droplet... (STDOUT, STG)#

#2.0#2023 10 18 07:26:24.364#Z#DEBUG#com.sap.cloud.lm.sl.xs2.6e46cc4c-6d87-11ee-ac67-eeee0a9d577d.incident-management-srv.stageAppTask#
######org.cloudfoundry.multiapps.controller.persistence.services.ProcessLogger########flowable-async-job-executor-thread-23394###
[PollStageAppStatusExecution] [incident-management-srv] f4c4fa71-6445-4e01-915f-f476d6315482 [2023-10-18T07:26:19.009016] Uploading build artifacts cache... (STDOUT, STG)#

#2.0#2023 10 18 07:26:24.364#Z#DEBUG#com.sap.cloud.lm.sl.xs2.6e46cc4c-6d87-11ee-ac67-eeee0a9d577d.incident-management-srv.stageAppTask#
######org.cloudfoundry.multiapps.controller.persistence.services.ProcessLogger########flowable-async-job-executor-thread-23394###
[PollStageAppStatusExecution] [incident-management-srv] f4c4fa71-6445-4e01-915f-f476d6315482 [2023-10-18T07:26:19.038596] Uploaded build artifacts cache (221B) (STDOUT, STG)#

#2.0#2023 10 18 07:26:24.364#Z#DEBUG#com.sap.cloud.lm.sl.xs2.6e46cc4c-6d87-11ee-ac67-eeee0a9d577d.incident-management-srv.stageAppTask#
######org.cloudfoundry.multiapps.controller.persistence.services.ProcessLogger########flowable-async-job-executor-thread-23394###
[PollStageAppStatusExecution] [incident-management-srv] f4c4fa71-6445-4e01-915f-f476d6315482 [2023-10-18T07:26:19.345740] Creating droplet for app with guid f4c4fa71-6445-4e01-915f-f476d6315482 (STDOUT, API)#

#2.0#2023 10 18 07:26:24.364#Z#DEBUG#com.sap.cloud.lm.sl.xs2.6e46cc4c-6d87-11ee-ac67-eeee0a9d577d.incident-management-srv.stageAppTask#
######org.cloudfoundry.multiapps.controller.persistence.services.ProcessLogger########flowable-async-job-executor-thread-23394###
[PollStageAppStatusExecution] [incident-management-srv] f4c4fa71-6445-4e01-915f-f476d6315482 [2023-10-18T07:26:22.442943] Uploaded droplet (48M) (STDOUT, STG)#

#2.0#2023 10 18 07:26:24.364#Z#DEBUG#com.sap.cloud.lm.sl.xs2.6e46cc4c-6d87-11ee-ac67-eeee0a9d577d.incident-management-srv.stageAppTask#
######org.cloudfoundry.multiapps.controller.persistence.services.ProcessLogger########flowable-async-job-executor-thread-23394###
[PollStageAppStatusExecution] [incident-management-srv] f4c4fa71-6445-4e01-915f-f476d6315482 [2023-10-18T07:26:22.448893] Uploading complete (STDOUT, STG)#

#2.0#2023 10 18 07:26:24.364#Z#DEBUG#com.sap.cloud.lm.sl.xs2.6e46cc4c-6d87-11ee-ac67-eeee0a9d577d.incident-management-srv.stageAppTask#
######org.cloudfoundry.multiapps.controller.persistence.services.ProcessLogger########flowable-async-job-executor-thread-23394###
[PollStageAppStatusExecution] [incident-management-srv] f4c4fa71-6445-4e01-915f-f476d6315482 [2023-10-18T07:26:22.646158] Cell 7b8b35bc-9859-4a8a-86aa-886d9bd3a3ab stopping instance 71415071-aadb-4a6f-a1c6-c1a189eafc9b (STDOUT, STG)#

#2.0#2023 10 18 07:26:24.364#Z#DEBUG#com.sap.cloud.lm.sl.xs2.6e46cc4c-6d87-11ee-ac67-eeee0a9d577d.incident-management-srv.stageAppTask#
######org.cloudfoundry.multiapps.controller.persistence.services.ProcessLogger########flowable-async-job-executor-thread-23394###
[PollStageAppStatusExecution] [incident-management-srv] f4c4fa71-6445-4e01-915f-f476d6315482 [2023-10-18T07:26:22.646189] Cell 7b8b35bc-9859-4a8a-86aa-886d9bd3a3ab destroying container for instance 71415071-aadb-4a6f-a1c6-c1a189eafc9b (STDOUT, STG)#

#2.0#2023 10 18 07:26:34.418#Z#DEBUG#com.sap.cloud.lm.sl.xs2.6e46cc4c-6d87-11ee-ac67-eeee0a9d577d.incident-management-srv.startAppTask#
######org.cloudfoundry.multiapps.controller.persistence.services.ProcessLogger########flowable-async-job-executor-thread-23456###
[PollStartAppStatusExecution] [incident-management-srv] f4c4fa71-6445-4e01-915f-f476d6315482 [2023-10-18T07:26:24.440425] Updated app with guid f4c4fa71-6445-4e01-915f-f476d6315482 ({:droplet_guid=>"b4708476-f88b-4bfc-ac1b-0569df9e4b1b"}) (STDOUT, API)#

#2.0#2023 10 18 07:26:34.418#Z#DEBUG#com.sap.cloud.lm.sl.xs2.6e46cc4c-6d87-11ee-ac67-eeee0a9d577d.incident-management-srv.startAppTask#
######org.cloudfoundry.multiapps.controller.persistence.services.ProcessLogger########flowable-async-job-executor-thread-23456###
[PollStartAppStatusExecution] [incident-management-srv] f4c4fa71-6445-4e01-915f-f476d6315482 [2023-10-18T07:26:24.665020] Creating revision for app with guid f4c4fa71-6445-4e01-915f-f476d6315482 (STDOUT, API)#

#2.0#2023 10 18 07:26:34.418#Z#DEBUG#com.sap.cloud.lm.sl.xs2.6e46cc4c-6d87-11ee-ac67-eeee0a9d577d.incident-management-srv.startAppTask#
######org.cloudfoundry.multiapps.controller.persistence.services.ProcessLogger########flowable-async-job-executor-thread-23456###
[PollStartAppStatusExecution] [incident-management-srv] f4c4fa71-6445-4e01-915f-f476d6315482 [2023-10-18T07:26:24.706481] Starting app with guid f4c4fa71-6445-4e01-915f-f476d6315482 (STDOUT, API)#

#2.0#2023 10 18 07:26:34.418#Z#DEBUG#com.sap.cloud.lm.sl.xs2.6e46cc4c-6d87-11ee-ac67-eeee0a9d577d.incident-management-srv.startAppTask#
######org.cloudfoundry.multiapps.controller.persistence.services.ProcessLogger########flowable-async-job-executor-thread-23456###
[PollStartAppStatusExecution] [incident-management-srv] f4c4fa71-6445-4e01-915f-f476d6315482 [2023-10-18T07:26:24.949118] Cell 073fc94f-ac02-48ff-a81c-d311a7d4a3be creating container for instance 0542aa24-e435-43fe-7ab3-4930 (STDOUT, CELL)#

#2.0#2023 10 18 07:26:34.418#Z#DEBUG#com.sap.cloud.lm.sl.xs2.6e46cc4c-6d87-11ee-ac67-eeee0a9d577d.incident-management-srv.startAppTask#
######org.cloudfoundry.multiapps.controller.persistence.services.ProcessLogger########flowable-async-job-executor-thread-23456###
[PollStartAppStatusExecution] [incident-management-srv] f4c4fa71-6445-4e01-915f-f476d6315482 [2023-10-18T07:26:25.330085] Security group rules were updated (STDOUT, CELL)#

#2.0#2023 10 18 07:26:34.418#Z#DEBUG#com.sap.cloud.lm.sl.xs2.6e46cc4c-6d87-11ee-ac67-eeee0a9d577d.incident-management-srv.startAppTask#
######org.cloudfoundry.multiapps.controller.persistence.services.ProcessLogger########flowable-async-job-executor-thread-23456###
[PollStartAppStatusExecution] [incident-management-srv] f4c4fa71-6445-4e01-915f-f476d6315482 [2023-10-18T07:26:25.342683] Cell 073fc94f-ac02-48ff-a81c-d311a7d4a3be successfully created container for instance 0542aa24-e435-43fe-7ab3-4930 (STDOUT, CELL)#

#2.0#2023 10 18 07:26:34.418#Z#DEBUG#com.sap.cloud.lm.sl.xs2.6e46cc4c-6d87-11ee-ac67-eeee0a9d577d.incident-management-srv.startAppTask#
######org.cloudfoundry.multiapps.controller.persistence.services.ProcessLogger########flowable-async-job-executor-thread-23456###
[PollStartAppStatusExecution] [incident-management-srv] f4c4fa71-6445-4e01-915f-f476d6315482 [2023-10-18T07:26:25.447171] Downloading droplet... (STDOUT, CELL)#

#2.0#2023 10 18 07:26:34.418#Z#DEBUG#com.sap.cloud.lm.sl.xs2.6e46cc4c-6d87-11ee-ac67-eeee0a9d577d.incident-management-srv.startAppTask#
######org.cloudfoundry.multiapps.controller.persistence.services.ProcessLogger########flowable-async-job-executor-thread-23456###
[PollStartAppStatusExecution] [incident-management-srv] f4c4fa71-6445-4e01-915f-f476d6315482 [2023-10-18T07:26:26.435756] Cell 7b8b35bc-9859-4a8a-86aa-886d9bd3a3ab successfully destroyed container for instance 71415071-aadb-4a6f-a1c6-c1a189eafc9b (STDOUT, STG)#

#2.0#2023 10 18 07:26:34.418#Z#DEBUG#com.sap.cloud.lm.sl.xs2.6e46cc4c-6d87-11ee-ac67-eeee0a9d577d.incident-management-srv.startAppTask#
######org.cloudfoundry.multiapps.controller.persistence.services.ProcessLogger########flowable-async-job-executor-thread-23456###
[PollStartAppStatusExecution] [incident-management-srv] f4c4fa71-6445-4e01-915f-f476d6315482 [2023-10-18T07:26:27.603554] Downloaded droplet (48M) (STDOUT, CELL)#

#2.0#2023 10 18 07:26:34.418#Z#DEBUG#com.sap.cloud.lm.sl.xs2.6e46cc4c-6d87-11ee-ac67-eeee0a9d577d.incident-management-srv.startAppTask#
######org.cloudfoundry.multiapps.controller.persistence.services.ProcessLogger########flowable-async-job-executor-thread-23456###
[PollStartAppStatusExecution] [incident-management-srv] f4c4fa71-6445-4e01-915f-f476d6315482 [2023-10-18T07:26:27.603685] Starting health monitoring of container (STDOUT, CELL)#

#2.0#2023 10 18 07:26:34.418#Z#DEBUG#com.sap.cloud.lm.sl.xs2.6e46cc4c-6d87-11ee-ac67-eeee0a9d577d.incident-management-srv.startAppTask#
######org.cloudfoundry.multiapps.controller.persistence.services.ProcessLogger########flowable-async-job-executor-thread-23456###
[PollStartAppStatusExecution] [incident-management-srv] f4c4fa71-6445-4e01-915f-f476d6315482 [2023-10-18T07:26:28.530418] > incident-management@1.0.0 start (STDOUT, APP/PROC/WEB)#

#2.0#2023 10 18 07:26:34.418#Z#DEBUG#com.sap.cloud.lm.sl.xs2.6e46cc4c-6d87-11ee-ac67-eeee0a9d577d.incident-management-srv.startAppTask#
######org.cloudfoundry.multiapps.controller.persistence.services.ProcessLogger########flowable-async-job-executor-thread-23456###
[PollStartAppStatusExecution] [incident-management-srv] f4c4fa71-6445-4e01-915f-f476d6315482 [2023-10-18T07:26:28.530431] > cds-serve (STDOUT, APP/PROC/WEB)#

#2.0#2023 10 18 07:26:34.418#Z#DEBUG#com.sap.cloud.lm.sl.xs2.6e46cc4c-6d87-11ee-ac67-eeee0a9d577d.incident-management-srv.startAppTask#
######org.cloudfoundry.multiapps.controller.persistence.services.ProcessLogger########flowable-async-job-executor-thread-23456###
[PollStartAppStatusExecution] [incident-management-srv] f4c4fa71-6445-4e01-915f-f476d6315482 [2023-10-18T07:26:29.035055] [cds] - loaded model from 1 file(s): (STDOUT, APP/PROC/WEB)#

#2.0#2023 10 18 07:26:34.418#Z#DEBUG#com.sap.cloud.lm.sl.xs2.6e46cc4c-6d87-11ee-ac67-eeee0a9d577d.incident-management-srv.startAppTask#
######org.cloudfoundry.multiapps.controller.persistence.services.ProcessLogger########flowable-async-job-executor-thread-23456###
[PollStartAppStatusExecution] [incident-management-srv] f4c4fa71-6445-4e01-915f-f476d6315482 [2023-10-18T07:26:29.035364] srv/csn.json (STDOUT, APP/PROC/WEB)#

#2.0#2023 10 18 07:26:34.418#Z#DEBUG#com.sap.cloud.lm.sl.xs2.6e46cc4c-6d87-11ee-ac67-eeee0a9d577d.incident-management-srv.startAppTask#
######org.cloudfoundry.multiapps.controller.persistence.services.ProcessLogger########flowable-async-job-executor-thread-23456###
[PollStartAppStatusExecution] [incident-management-srv] f4c4fa71-6445-4e01-915f-f476d6315482 [2023-10-18T07:26:29.438237] [cds] - connect to db > hana { (STDOUT, APP/PROC/WEB)#

#2.0#2023 10 18 07:26:34.418#Z#DEBUG#com.sap.cloud.lm.sl.xs2.6e46cc4c-6d87-11ee-ac67-eeee0a9d577d.incident-management-srv.startAppTask#
######org.cloudfoundry.multiapps.controller.persistence.services.ProcessLogger########flowable-async-job-executor-thread-23456###
[PollStartAppStatusExecution] [incident-management-srv] f4c4fa71-6445-4e01-915f-f476d6315482 [2023-10-18T07:26:29.438257] database_id: 'b597967a-4989-44fc-b466-4fe28277e72b', (STDOUT, APP/PROC/WEB)#

#2.0#2023 10 18 07:26:34.418#Z#DEBUG#com.sap.cloud.lm.sl.xs2.6e46cc4c-6d87-11ee-ac67-eeee0a9d577d.incident-management-srv.startAppTask#
######org.cloudfoundry.multiapps.controller.persistence.services.ProcessLogger########flowable-async-job-executor-thread-23456###
[PollStartAppStatusExecution] [incident-management-srv] f4c4fa71-6445-4e01-915f-f476d6315482 [2023-10-18T07:26:29.438262] host: 'b597967a-4989-44fc-b466-4fe28277e72b.hna1.prod-eu10.hanacloud.ondemand.com', (STDOUT, APP/PROC/WEB)#

#2.0#2023 10 18 07:26:34.418#Z#DEBUG#com.sap.cloud.lm.sl.xs2.6e46cc4c-6d87-11ee-ac67-eeee0a9d577d.incident-management-srv.startAppTask#
######org.cloudfoundry.multiapps.controller.persistence.services.ProcessLogger########flowable-async-job-executor-thread-23456###
[PollStartAppStatusExecution] [incident-management-srv] f4c4fa71-6445-4e01-915f-f476d6315482 [2023-10-18T07:26:29.438265] port: '443', (STDOUT, APP/PROC/WEB)#

#2.0#2023 10 18 07:26:34.418#Z#DEBUG#com.sap.cloud.lm.sl.xs2.6e46cc4c-6d87-11ee-ac67-eeee0a9d577d.incident-management-srv.startAppTask#
######org.cloudfoundry.multiapps.controller.persistence.services.ProcessLogger########flowable-async-job-executor-thread-23456###
[PollStartAppStatusExecution] [incident-management-srv] f4c4fa71-6445-4e01-915f-f476d6315482 [2023-10-18T07:26:29.438268] driver: 'com.sap.db.jdbc.Driver', (STDOUT, APP/PROC/WEB)#

#2.0#2023 10 18 07:26:34.418#Z#DEBUG#com.sap.cloud.lm.sl.xs2.6e46cc4c-6d87-11ee-ac67-eeee0a9d577d.incident-management-srv.startAppTask#
######org.cloudfoundry.multiapps.controller.persistence.services.ProcessLogger########flowable-async-job-executor-thread-23456###
[PollStartAppStatusExecution] [incident-management-srv] f4c4fa71-6445-4e01-915f-f476d6315482 [2023-10-18T07:26:29.438272] url: 'jdbc:sap://b597967a-4989-44fc-b466-4fe28277e72b.hna1.prod-eu10.hanacloud.ondemand.com:443?encrypt=true&validateCertificate=true&currentschema=27DF169AD7B741F3AAF1CB222C5D776C', (STDOUT, APP/PROC/WEB)#

#2.0#2023 10 18 07:26:34.418#Z#DEBUG#com.sap.cloud.lm.sl.xs2.6e46cc4c-6d87-11ee-ac67-eeee0a9d577d.incident-management-srv.startAppTask#
######org.cloudfoundry.multiapps.controller.persistence.services.ProcessLogger########flowable-async-job-executor-thread-23456###
[PollStartAppStatusExecution] [incident-management-srv] f4c4fa71-6445-4e01-915f-f476d6315482 [2023-10-18T07:26:29.438275] schema: '27DF169AD7B741F3AAF1CB222C5D776C', (STDOUT, APP/PROC/WEB)#

#2.0#2023 10 18 07:26:34.418#Z#DEBUG#com.sap.cloud.lm.sl.xs2.6e46cc4c-6d87-11ee-ac67-eeee0a9d577d.incident-management-srv.startAppTask#
######org.cloudfoundry.multiapps.controller.persistence.services.ProcessLogger########flowable-async-job-executor-thread-23456###
[PollStartAppStatusExecution] [incident-management-srv] f4c4fa71-6445-4e01-915f-f476d6315482 [2023-10-18T07:26:29.438279] hdi_user: '27DF169AD7B741F3AAF1CB222C5D776C_35FWLL9KG61FP1FOHP4R0D18Q_DT', (STDOUT, APP/PROC/WEB)#

#2.0#2023 10 18 07:26:34.418#Z#DEBUG#com.sap.cloud.lm.sl.xs2.6e46cc4c-6d87-11ee-ac67-eeee0a9d577d.incident-management-srv.startAppTask#
######org.cloudfoundry.multiapps.controller.persistence.services.ProcessLogger########flowable-async-job-executor-thread-23456###
[PollStartAppStatusExecution] [incident-management-srv] f4c4fa71-6445-4e01-915f-f476d6315482 [2023-10-18T07:26:29.438283] hdi_password: '...', (STDOUT, APP/PROC/WEB)#

#2.0#2023 10 18 07:26:34.418#Z#DEBUG#com.sap.cloud.lm.sl.xs2.6e46cc4c-6d87-11ee-ac67-eeee0a9d577d.incident-management-srv.startAppTask#
######org.cloudfoundry.multiapps.controller.persistence.services.ProcessLogger########flowable-async-job-executor-thread-23456###
[PollStartAppStatusExecution] [incident-management-srv] f4c4fa71-6445-4e01-915f-f476d6315482 [2023-10-18T07:26:29.438285] user: '27DF169AD7B741F3AAF1CB222C5D776C_35FWLL9KG61FP1FOHP4R0D18Q_RT', (STDOUT, APP/PROC/WEB)#

#2.0#2023 10 18 07:26:34.418#Z#DEBUG#com.sap.cloud.lm.sl.xs2.6e46cc4c-6d87-11ee-ac67-eeee0a9d577d.incident-management-srv.startAppTask#
######org.cloudfoundry.multiapps.controller.persistence.services.ProcessLogger########flowable-async-job-executor-thread-23456###
[PollStartAppStatusExecution] [incident-management-srv] f4c4fa71-6445-4e01-915f-f476d6315482 [2023-10-18T07:26:29.438290] password: '...', (STDOUT, APP/PROC/WEB)#

#2.0#2023 10 18 07:26:34.418#Z#DEBUG#com.sap.cloud.lm.sl.xs2.6e46cc4c-6d87-11ee-ac67-eeee0a9d577d.incident-management-srv.startAppTask#
######org.cloudfoundry.multiapps.controller.persistence.services.ProcessLogger########flowable-async-job-executor-thread-23456###
[PollStartAppStatusExecution] [incident-management-srv] f4c4fa71-6445-4e01-915f-f476d6315482 [2023-10-18T07:26:29.438293] certificate: '...' (STDOUT, APP/PROC/WEB)#

#2.0#2023 10 18 07:26:34.418#Z#DEBUG#com.sap.cloud.lm.sl.xs2.6e46cc4c-6d87-11ee-ac67-eeee0a9d577d.incident-management-srv.startAppTask#
######org.cloudfoundry.multiapps.controller.persistence.services.ProcessLogger########flowable-async-job-executor-thread-23456###
[PollStartAppStatusExecution] [incident-management-srv] f4c4fa71-6445-4e01-915f-f476d6315482 [2023-10-18T07:26:29.438295] } (STDOUT, APP/PROC/WEB)#

#2.0#2023 10 18 07:26:34.418#Z#DEBUG#com.sap.cloud.lm.sl.xs2.6e46cc4c-6d87-11ee-ac67-eeee0a9d577d.incident-management-srv.startAppTask#
######org.cloudfoundry.multiapps.controller.persistence.services.ProcessLogger########flowable-async-job-executor-thread-23456###
[PollStartAppStatusExecution] [incident-management-srv] f4c4fa71-6445-4e01-915f-f476d6315482 [2023-10-18T07:26:29.527030] [cds] - using authentication: { kind: 'xsuaa' } (STDOUT, APP/PROC/WEB)#

#2.0#2023 10 18 07:26:34.418#Z#DEBUG#com.sap.cloud.lm.sl.xs2.6e46cc4c-6d87-11ee-ac67-eeee0a9d577d.incident-management-srv.startAppTask#
######org.cloudfoundry.multiapps.controller.persistence.services.ProcessLogger########flowable-async-job-executor-thread-23456###
[PollStartAppStatusExecution] [incident-management-srv] f4c4fa71-6445-4e01-915f-f476d6315482 [2023-10-18T07:26:29.591352] [cds] - serving ProcessorService { path: '/odata/v4/processor', impl: 'srv/processor-service.js' } (STDOUT, APP/PROC/WEB)#

#2.0#2023 10 18 07:26:34.418#Z#DEBUG#com.sap.cloud.lm.sl.xs2.6e46cc4c-6d87-11ee-ac67-eeee0a9d577d.incident-management-srv.startAppTask#
######org.cloudfoundry.multiapps.controller.persistence.services.ProcessLogger########flowable-async-job-executor-thread-23456###
[PollStartAppStatusExecution] [incident-management-srv] f4c4fa71-6445-4e01-915f-f476d6315482 [2023-10-18T07:26:29.595777] [cds] - server listening on { url: 'http://localhost:8080' } (STDOUT, APP/PROC/WEB)#

#2.0#2023 10 18 07:26:34.418#Z#DEBUG#com.sap.cloud.lm.sl.xs2.6e46cc4c-6d87-11ee-ac67-eeee0a9d577d.incident-management-srv.startAppTask#
######org.cloudfoundry.multiapps.controller.persistence.services.ProcessLogger########flowable-async-job-executor-thread-23456###
[PollStartAppStatusExecution] [incident-management-srv] f4c4fa71-6445-4e01-915f-f476d6315482 [2023-10-18T07:26:29.596056] [cds] - launched at 10/18/2023, 7:26:28 AM, version: 7.3.0, in: 786.31ms (STDOUT, APP/PROC/WEB)#

#2.0#2023 10 18 07:26:34.418#Z#DEBUG#com.sap.cloud.lm.sl.xs2.6e46cc4c-6d87-11ee-ac67-eeee0a9d577d.incident-management-srv.startAppTask#
######org.cloudfoundry.multiapps.controller.persistence.services.ProcessLogger########flowable-async-job-executor-thread-23456###
[PollStartAppStatusExecution] [incident-management-srv] f4c4fa71-6445-4e01-915f-f476d6315482 [2023-10-18T07:26:30.553208] Container became healthy (STDOUT, CELL)#

